{"/home/travis/build/npmtest/node-npmtest-thumbd/test.js":{"path":"/home/travis/build/npmtest/node-npmtest-thumbd/test.js","s":{"1":2,"2":2,"3":2,"4":2,"5":2,"6":2,"7":2,"8":1,"9":2,"10":2,"11":1,"12":1,"13":1,"14":1,"15":2,"16":2,"17":2,"18":2,"19":1,"20":1,"21":2,"22":2,"23":2,"24":1,"25":1,"26":1,"27":1,"28":1,"29":1,"30":1,"31":1,"32":1,"33":1,"34":1,"35":1,"36":1,"37":1,"38":1,"39":2,"40":2,"41":1,"42":2,"43":2,"44":1,"45":2,"46":2,"47":1,"48":2,"49":2,"50":1,"51":1,"52":1,"53":1,"54":1},"b":{"1":[2,1,1,1],"2":[1,1,1,1],"3":[1,1],"4":[1,1],"5":[1,1],"6":[1,1],"7":[1,1],"8":[1,1],"9":[1,1],"10":[1,1,1],"11":[1,1],"12":[1,1],"13":[1,1],"14":[1,1],"15":[1,1],"16":[1,1],"17":[1,1]},"f":{"1":2,"2":2,"3":2,"4":2,"5":2,"6":1,"7":1,"8":1,"9":2,"10":2,"11":2,"12":2,"13":1},"fnMap":{"1":{"name":"(anonymous_1)","line":12,"loc":{"start":{"line":12,"column":1},"end":{"line":12,"column":13}}},"2":{"name":"(anonymous_2)","line":19,"loc":{"start":{"line":19,"column":5},"end":{"line":19,"column":17}}},"3":{"name":"(anonymous_3)","line":23,"loc":{"start":{"line":23,"column":24},"end":{"line":23,"column":36}}},"4":{"name":"(anonymous_4)","line":61,"loc":{"start":{"line":61,"column":5},"end":{"line":61,"column":17}}},"5":{"name":"(anonymous_5)","line":82,"loc":{"start":{"line":82,"column":5},"end":{"line":82,"column":17}}},"6":{"name":"(anonymous_6)","line":91,"loc":{"start":{"line":91,"column":77},"end":{"line":94,"column":10}}},"7":{"name":"(anonymous_7)","line":112,"loc":{"start":{"line":112,"column":83},"end":{"line":115,"column":10}},"skip":true},"8":{"name":"(anonymous_8)","line":123,"loc":{"start":{"line":123,"column":77},"end":{"line":126,"column":10}},"skip":true},"9":{"name":"(anonymous_9)","line":139,"loc":{"start":{"line":139,"column":12},"end":{"line":139,"column":40}},"skip":true},"10":{"name":"(anonymous_10)","line":147,"loc":{"start":{"line":147,"column":77},"end":{"line":150,"column":10}},"skip":true},"11":{"name":"(anonymous_11)","line":158,"loc":{"start":{"line":158,"column":83},"end":{"line":161,"column":10}},"skip":true},"12":{"name":"(anonymous_12)","line":169,"loc":{"start":{"line":169,"column":79},"end":{"line":172,"column":10}},"skip":true},"13":{"name":"(anonymous_13)","line":180,"loc":{"start":{"line":180,"column":75},"end":{"line":183,"column":10}},"skip":true}},"statementMap":{"1":{"start":{"line":12,"column":0},"end":{"line":195,"column":5}},"2":{"start":{"line":14,"column":4},"end":{"line":14,"column":14}},"3":{"start":{"line":19,"column":4},"end":{"line":56,"column":9}},"4":{"start":{"line":21,"column":8},"end":{"line":21,"column":19}},"5":{"start":{"line":23,"column":8},"end":{"line":35,"column":13}},"6":{"start":{"line":24,"column":12},"end":{"line":34,"column":13}},"7":{"start":{"line":25,"column":16},"end":{"line":28,"column":30}},"8":{"start":{"line":30,"column":16},"end":{"line":33,"column":27}},"9":{"start":{"line":37,"column":8},"end":{"line":39,"column":21}},"10":{"start":{"line":40,"column":8},"end":{"line":53,"column":9}},"11":{"start":{"line":43,"column":12},"end":{"line":46,"column":14}},"12":{"start":{"line":47,"column":12},"end":{"line":47,"column":18}},"13":{"start":{"line":50,"column":12},"end":{"line":51,"column":46}},"14":{"start":{"line":52,"column":12},"end":{"line":52,"column":18}},"15":{"start":{"line":55,"column":8},"end":{"line":55,"column":35}},"16":{"start":{"line":61,"column":4},"end":{"line":63,"column":9}},"17":{"start":{"line":62,"column":8},"end":{"line":62,"column":15}},"18":{"start":{"line":64,"column":4},"end":{"line":77,"column":5}},"19":{"start":{"line":70,"column":8},"end":{"line":70,"column":14}},"20":{"start":{"line":76,"column":8},"end":{"line":76,"column":14}},"21":{"start":{"line":82,"column":4},"end":{"line":84,"column":9}},"22":{"start":{"line":83,"column":8},"end":{"line":83,"column":15}},"23":{"start":{"line":85,"column":4},"end":{"line":194,"column":5}},"24":{"start":{"line":91,"column":8},"end":{"line":99,"column":10}},"25":{"start":{"line":98,"column":12},"end":{"line":98,"column":35}},"26":{"start":{"line":102,"column":8},"end":{"line":104,"column":63}},"27":{"start":{"line":105,"column":8},"end":{"line":105,"column":14}},"28":{"start":{"line":112,"column":8},"end":{"line":121,"column":10},"skip":true},"29":{"start":{"line":119,"column":12},"end":{"line":119,"column":55},"skip":true},"30":{"start":{"line":120,"column":12},"end":{"line":120,"column":48},"skip":true},"31":{"start":{"line":123,"column":8},"end":{"line":136,"column":10},"skip":true},"32":{"start":{"line":130,"column":12},"end":{"line":130,"column":76},"skip":true},"33":{"start":{"line":131,"column":12},"end":{"line":131,"column":73},"skip":true},"34":{"start":{"line":132,"column":12},"end":{"line":132,"column":74},"skip":true},"35":{"start":{"line":133,"column":12},"end":{"line":133,"column":79},"skip":true},"36":{"start":{"line":134,"column":12},"end":{"line":134,"column":25},"skip":true},"37":{"start":{"line":135,"column":12},"end":{"line":135,"column":45},"skip":true},"38":{"start":{"line":138,"column":8},"end":{"line":145,"column":14},"skip":true},"39":{"start":{"line":143,"column":16},"end":{"line":143,"column":29},"skip":true},"40":{"start":{"line":144,"column":16},"end":{"line":144,"column":55},"skip":true},"41":{"start":{"line":147,"column":8},"end":{"line":156,"column":10},"skip":true},"42":{"start":{"line":154,"column":12},"end":{"line":154,"column":25},"skip":true},"43":{"start":{"line":155,"column":12},"end":{"line":155,"column":45},"skip":true},"44":{"start":{"line":158,"column":8},"end":{"line":167,"column":10},"skip":true},"45":{"start":{"line":165,"column":12},"end":{"line":165,"column":25},"skip":true},"46":{"start":{"line":166,"column":12},"end":{"line":166,"column":48},"skip":true},"47":{"start":{"line":169,"column":8},"end":{"line":178,"column":10},"skip":true},"48":{"start":{"line":176,"column":12},"end":{"line":176,"column":25},"skip":true},"49":{"start":{"line":177,"column":12},"end":{"line":177,"column":46},"skip":true},"50":{"start":{"line":180,"column":8},"end":{"line":189,"column":10},"skip":true},"51":{"start":{"line":187,"column":12},"end":{"line":187,"column":94},"skip":true},"52":{"start":{"line":188,"column":12},"end":{"line":188,"column":48},"skip":true},"53":{"start":{"line":192,"column":8},"end":{"line":192,"column":35},"skip":true},"54":{"start":{"line":193,"column":8},"end":{"line":193,"column":14},"skip":true}},"branchMap":{"1":{"line":25,"type":"binary-expr","locations":[{"start":{"line":25,"column":23},"end":{"line":25,"column":62}},{"start":{"line":26,"column":20},"end":{"line":26,"column":70}},{"start":{"line":27,"column":20},"end":{"line":27,"column":71}},{"start":{"line":28,"column":20},"end":{"line":28,"column":29}}]},"2":{"line":30,"type":"binary-expr","locations":[{"start":{"line":30,"column":23},"end":{"line":30,"column":37}},{"start":{"line":31,"column":20},"end":{"line":31,"column":61}},{"start":{"line":32,"column":20},"end":{"line":32,"column":70}},{"start":{"line":33,"column":20},"end":{"line":33,"column":26}}]},"3":{"line":37,"type":"cond-expr","locations":[{"start":{"line":38,"column":14},"end":{"line":38,"column":20}},{"start":{"line":39,"column":14},"end":{"line":39,"column":20}}]},"4":{"line":40,"type":"switch","locations":[{"start":{"line":42,"column":8},"end":{"line":47,"column":18}},{"start":{"line":49,"column":8},"end":{"line":52,"column":18}}]},"5":{"line":44,"type":"binary-expr","locations":[{"start":{"line":44,"column":16},"end":{"line":44,"column":44}},{"start":{"line":44,"column":48},"end":{"line":44,"column":66}}]},"6":{"line":50,"type":"binary-expr","locations":[{"start":{"line":50,"column":21},"end":{"line":50,"column":49}},{"start":{"line":50,"column":53},"end":{"line":50,"column":72}}]},"7":{"line":64,"type":"switch","locations":[{"start":{"line":69,"column":4},"end":{"line":70,"column":14}},{"start":{"line":75,"column":4},"end":{"line":76,"column":14}}]},"8":{"line":85,"type":"switch","locations":[{"start":{"line":90,"column":4},"end":{"line":105,"column":14}},{"start":{"line":111,"column":4},"end":{"line":193,"column":14},"skip":true}]},"9":{"line":91,"type":"binary-expr","locations":[{"start":{"line":91,"column":42},"end":{"line":91,"column":73}},{"start":{"line":91,"column":77},"end":{"line":99,"column":9}}]},"10":{"line":102,"type":"binary-expr","locations":[{"start":{"line":102,"column":18},"end":{"line":102,"column":32}},{"start":{"line":103,"column":12},"end":{"line":103,"column":53}},{"start":{"line":104,"column":12},"end":{"line":104,"column":61}}]},"11":{"line":112,"type":"binary-expr","locations":[{"start":{"line":112,"column":45},"end":{"line":112,"column":79},"skip":true},{"start":{"line":112,"column":83},"end":{"line":121,"column":9},"skip":true}]},"12":{"line":123,"type":"binary-expr","locations":[{"start":{"line":123,"column":42},"end":{"line":123,"column":73},"skip":true},{"start":{"line":123,"column":77},"end":{"line":136,"column":9},"skip":true}]},"13":{"line":138,"type":"binary-expr","locations":[{"start":{"line":138,"column":48},"end":{"line":138,"column":85},"skip":true},{"start":{"line":139,"column":12},"end":{"line":145,"column":13},"skip":true}]},"14":{"line":147,"type":"binary-expr","locations":[{"start":{"line":147,"column":42},"end":{"line":147,"column":73},"skip":true},{"start":{"line":147,"column":77},"end":{"line":156,"column":9},"skip":true}]},"15":{"line":158,"type":"binary-expr","locations":[{"start":{"line":158,"column":45},"end":{"line":158,"column":79},"skip":true},{"start":{"line":158,"column":83},"end":{"line":167,"column":9},"skip":true}]},"16":{"line":169,"type":"binary-expr","locations":[{"start":{"line":169,"column":43},"end":{"line":169,"column":75},"skip":true},{"start":{"line":169,"column":79},"end":{"line":178,"column":9},"skip":true}]},"17":{"line":180,"type":"binary-expr","locations":[{"start":{"line":180,"column":41},"end":{"line":180,"column":71},"skip":true},{"start":{"line":180,"column":75},"end":{"line":189,"column":9},"skip":true}]}},"code":["/* istanbul instrument in package npmtest_thumbd */","/*jslint","    bitwise: true,","    browser: true,","    maxerr: 8,","    maxlen: 96,","    node: true,","    nomen: true,","    regexp: true,","    stupid: true","*/","(function () {","    'use strict';","    var local;","","","","    // run shared js-env code - pre-init","    (function () {","        // init local","        local = {};","        // init modeJs","        local.modeJs = (function () {","            try {","                return typeof navigator.userAgent === 'string' &&","                    typeof document.querySelector('body') === 'object' &&","                    typeof XMLHttpRequest.prototype.open === 'function' &&","                    'browser';","            } catch (errorCaughtBrowser) {","                return module.exports &&","                    typeof process.versions.node === 'string' &&","                    typeof require('http').createServer === 'function' &&","                    'node';","            }","        }());","        // init global","        local.global = local.modeJs === 'browser'","            ? window","            : global;","        switch (local.modeJs) {","        // re-init local from window.local","        case 'browser':","            local = local.global.utility2.objectSetDefault(","                local.global.utility2_rollup || local.global.local,","                local.global.utility2","            );","            break;","        // re-init local from example.js","        case 'node':","            local = (local.global.utility2_rollup || require('utility2'))","                .requireExampleJsFromReadme();","            break;","        }","        // export local","        local.global.local = local;","    }());","","","","    // run shared js-env code - function","    (function () {","        return;","    }());","    switch (local.modeJs) {","","","","    // run browser js-env code - function","    case 'browser':","        break;","","","","    // run node js-env code - function","    case 'node':","        break;","    }","","","","    // run shared js-env code - post-init","    (function () {","        return;","    }());","    switch (local.modeJs) {","","","","    // run browser js-env code - post-init","    case 'browser':","        local.testCase_browser_nullCase = local.testCase_browser_nullCase || function (","            options,","            onError","        ) {","        /*","         * this function will test browsers's null-case handling-behavior-behavior","         */","            onError(null, options);","        };","","        // run tests","        local.nop(local.modeTest &&","            document.querySelector('#testRunButton1') &&","            document.querySelector('#testRunButton1').click());","        break;","","","","    // run node js-env code - post-init","    /* istanbul ignore next */","    case 'node':","        local.testCase_buildApidoc_default = local.testCase_buildApidoc_default || function (","            options,","            onError","        ) {","        /*","         * this function will test buildApidoc's default handling-behavior-behavior","         */","            options = { modulePathList: module.paths };","            local.buildApidoc(options, onError);","        };","","        local.testCase_buildApp_default = local.testCase_buildApp_default || function (","            options,","            onError","        ) {","        /*","         * this function will test buildApp's default handling-behavior-behavior","         */","            local.testCase_buildReadme_default(options, local.onErrorThrow);","            local.testCase_buildLib_default(options, local.onErrorThrow);","            local.testCase_buildTest_default(options, local.onErrorThrow);","            local.testCase_buildCustomOrg_default(options, local.onErrorThrow);","            options = [];","            local.buildApp(options, onError);","        };","","        local.testCase_buildCustomOrg_default = local.testCase_buildCustomOrg_default ||","            function (options, onError) {","            /*","             * this function will test buildCustomOrg's default handling-behavior","             */","                options = {};","                local.buildCustomOrg(options, onError);","            };","","        local.testCase_buildLib_default = local.testCase_buildLib_default || function (","            options,","            onError","        ) {","        /*","         * this function will test buildLib's default handling-behavior","         */","            options = {};","            local.buildLib(options, onError);","        };","","        local.testCase_buildReadme_default = local.testCase_buildReadme_default || function (","            options,","            onError","        ) {","        /*","         * this function will test buildReadme's default handling-behavior-behavior","         */","            options = {};","            local.buildReadme(options, onError);","        };","","        local.testCase_buildTest_default = local.testCase_buildTest_default || function (","            options,","            onError","        ) {","        /*","         * this function will test buildTest's default handling-behavior","         */","            options = {};","            local.buildTest(options, onError);","        };","","        local.testCase_webpage_default = local.testCase_webpage_default || function (","            options,","            onError","        ) {","        /*","         * this function will test webpage's default handling-behavior","         */","            options = { modeCoverageMerge: true, url: local.serverLocalHost + '?modeTest=1' };","            local.browserTest(options, onError);","        };","","        // run test-server","        local.testRunServer(local);","        break;","    }","}());",""],"l":{"12":2,"14":2,"19":2,"21":2,"23":2,"24":2,"25":2,"30":1,"37":2,"40":2,"43":1,"47":1,"50":1,"52":1,"55":2,"61":2,"62":2,"64":2,"70":1,"76":1,"82":2,"83":2,"85":2,"91":1,"98":1,"102":1,"105":1,"112":1,"119":1,"120":1,"123":1,"130":1,"131":1,"132":1,"133":1,"134":1,"135":1,"138":1,"143":2,"144":2,"147":1,"154":2,"155":2,"158":1,"165":2,"166":2,"169":1,"176":2,"177":2,"180":1,"187":1,"188":1,"192":1,"193":1}},"/home/travis/build/npmtest/node-npmtest-thumbd/lib.npmtest_thumbd.js":{"path":"/home/travis/build/npmtest/node-npmtest-thumbd/lib.npmtest_thumbd.js","s":{"1":2,"2":2,"3":2,"4":2,"5":2,"6":2,"7":2,"8":1,"9":2,"10":2,"11":2,"12":2,"13":1,"14":1,"15":1,"16":1},"b":{"1":[2,1,1,1],"2":[1,1,1,1],"3":[1,1],"4":[2,2],"5":[1,1]},"f":{"1":2,"2":2,"3":2},"fnMap":{"1":{"name":"(anonymous_1)","line":12,"loc":{"start":{"line":12,"column":1},"end":{"line":12,"column":13}}},"2":{"name":"(anonymous_2)","line":19,"loc":{"start":{"line":19,"column":5},"end":{"line":19,"column":17}}},"3":{"name":"(anonymous_3)","line":23,"loc":{"start":{"line":23,"column":24},"end":{"line":23,"column":36}}}},"statementMap":{"1":{"start":{"line":12,"column":0},"end":{"line":53,"column":5}},"2":{"start":{"line":14,"column":4},"end":{"line":14,"column":14}},"3":{"start":{"line":19,"column":4},"end":{"line":52,"column":9}},"4":{"start":{"line":21,"column":8},"end":{"line":21,"column":19}},"5":{"start":{"line":23,"column":8},"end":{"line":35,"column":13}},"6":{"start":{"line":24,"column":12},"end":{"line":34,"column":13}},"7":{"start":{"line":25,"column":16},"end":{"line":28,"column":30}},"8":{"start":{"line":30,"column":16},"end":{"line":33,"column":27}},"9":{"start":{"line":37,"column":8},"end":{"line":39,"column":21}},"10":{"start":{"line":41,"column":8},"end":{"line":41,"column":54}},"11":{"start":{"line":43,"column":8},"end":{"line":43,"column":51}},"12":{"start":{"line":45,"column":8},"end":{"line":51,"column":9}},"13":{"start":{"line":46,"column":12},"end":{"line":46,"column":57}},"14":{"start":{"line":48,"column":12},"end":{"line":48,"column":35}},"15":{"start":{"line":49,"column":12},"end":{"line":49,"column":49}},"16":{"start":{"line":50,"column":12},"end":{"line":50,"column":43}}},"branchMap":{"1":{"line":25,"type":"binary-expr","locations":[{"start":{"line":25,"column":23},"end":{"line":25,"column":62}},{"start":{"line":26,"column":20},"end":{"line":26,"column":70}},{"start":{"line":27,"column":20},"end":{"line":27,"column":71}},{"start":{"line":28,"column":20},"end":{"line":28,"column":29}}]},"2":{"line":30,"type":"binary-expr","locations":[{"start":{"line":30,"column":23},"end":{"line":30,"column":37}},{"start":{"line":31,"column":20},"end":{"line":31,"column":61}},{"start":{"line":32,"column":20},"end":{"line":32,"column":70}},{"start":{"line":33,"column":20},"end":{"line":33,"column":26}}]},"3":{"line":37,"type":"cond-expr","locations":[{"start":{"line":38,"column":14},"end":{"line":38,"column":20}},{"start":{"line":39,"column":14},"end":{"line":39,"column":20}}]},"4":{"line":41,"type":"binary-expr","locations":[{"start":{"line":41,"column":16},"end":{"line":41,"column":44}},{"start":{"line":41,"column":48},"end":{"line":41,"column":53}}]},"5":{"line":45,"type":"if","locations":[{"start":{"line":45,"column":8},"end":{"line":45,"column":8}},{"start":{"line":45,"column":8},"end":{"line":45,"column":8}}]}},"code":["/* istanbul instrument in package npmtest_thumbd */","/*jslint","    bitwise: true,","    browser: true,","    maxerr: 8,","    maxlen: 96,","    node: true,","    nomen: true,","    regexp: true,","    stupid: true","*/","(function () {","    'use strict';","    var local;","","","","    // run shared js-env code - pre-init","    (function () {","        // init local","        local = {};","        // init modeJs","        local.modeJs = (function () {","            try {","                return typeof navigator.userAgent === 'string' &&","                    typeof document.querySelector('body') === 'object' &&","                    typeof XMLHttpRequest.prototype.open === 'function' &&","                    'browser';","            } catch (errorCaughtBrowser) {","                return module.exports &&","                    typeof process.versions.node === 'string' &&","                    typeof require('http').createServer === 'function' &&","                    'node';","            }","        }());","        // init global","        local.global = local.modeJs === 'browser'","            ? window","            : global;","        // init utility2_rollup","        local = local.global.utility2_rollup || local;","        // init lib","        local.local = local.npmtest_thumbd = local;","        // init exports","        if (local.modeJs === 'browser') {","            local.global.utility2_npmtest_thumbd = local;","        } else {","            module.exports = local;","            module.exports.__dirname = __dirname;","            module.exports.module = module;","        }","    }());","}());",""],"l":{"12":2,"14":2,"19":2,"21":2,"23":2,"24":2,"25":2,"30":1,"37":2,"41":2,"43":2,"45":2,"46":1,"48":1,"49":1,"50":1}},"/home/travis/build/npmtest/node-npmtest-thumbd/example.js":{"path":"/home/travis/build/npmtest/node-npmtest-thumbd/example.js","s":{"1":2,"2":2,"3":2,"4":2,"5":2,"6":2,"7":2,"8":1,"9":2,"10":2,"11":2,"12":2,"13":1,"14":2,"15":2,"16":2,"17":2,"18":2,"19":0,"20":2,"21":1,"22":1,"23":1,"24":1,"25":1,"26":0,"27":0,"28":1,"29":1,"30":2,"31":0,"32":0,"33":0,"34":1,"35":2,"36":2,"37":3,"38":3,"39":3,"40":3,"41":0,"42":3,"43":3,"44":3,"45":1,"46":3,"47":1,"48":1,"49":1,"50":1,"51":1,"52":1,"53":1,"54":1,"55":1,"56":1,"57":0,"58":1,"59":6,"60":6,"61":1,"62":2,"63":0,"64":2,"65":1,"66":1,"67":0,"68":0,"69":0,"70":0,"71":0,"72":0,"73":0,"74":0,"75":0,"76":0,"77":0,"78":0,"79":0,"80":0,"81":0,"82":0,"83":0},"b":{"1":[2,1,1,1],"2":[1,1,1,1],"3":[1,1],"4":[2,2],"5":[1,1],"6":[1,1],"7":[2,0],"8":[2,1,1,1,1,1],"9":[0,2,0],"10":[1,1],"11":[2,1,1],"12":[1,0],"13":[0,2],"14":[2,0,0,0,0,0,0],"15":[0,3],"16":[3,0],"17":[1,1],"18":[0,1],"19":[1,2,0,2],"20":[1,0],"21":[1,1],"22":[0,0],"23":[0,0],"24":[0,0],"25":[0,0],"26":[0,0],"27":[0,0],"28":[0,0]},"f":{"1":2,"2":2,"3":2,"4":2,"5":2,"6":2,"7":3,"8":3,"9":3,"10":1,"11":6,"12":0},"fnMap":{"1":{"name":"(anonymous_1)","line":26,"loc":{"start":{"line":26,"column":1},"end":{"line":26,"column":13}}},"2":{"name":"(anonymous_2)","line":33,"loc":{"start":{"line":33,"column":5},"end":{"line":33,"column":17}}},"3":{"name":"(anonymous_3)","line":37,"loc":{"start":{"line":37,"column":24},"end":{"line":37,"column":36}}},"4":{"name":"(anonymous_4)","line":69,"loc":{"start":{"line":69,"column":31},"end":{"line":69,"column":48}},"skip":true},"5":{"name":"(anonymous_5)","line":78,"loc":{"start":{"line":78,"column":26},"end":{"line":78,"column":45}},"skip":true},"6":{"name":"(anonymous_6)","line":123,"loc":{"start":{"line":123,"column":33},"end":{"line":123,"column":48}},"skip":true},"7":{"name":"(anonymous_7)","line":125,"loc":{"start":{"line":125,"column":27},"end":{"line":125,"column":39}},"skip":true},"8":{"name":"(anonymous_8)","line":133,"loc":{"start":{"line":133,"column":59},"end":{"line":133,"column":74}},"skip":true},"9":{"name":"(anonymous_9)","line":143,"loc":{"start":{"line":143,"column":45},"end":{"line":143,"column":62}},"skip":true},"10":{"name":"(anonymous_10)","line":144,"loc":{"start":{"line":144,"column":73},"end":{"line":144,"column":92}},"skip":true},"11":{"name":"(anonymous_11)","line":272,"loc":{"start":{"line":272,"column":51},"end":{"line":272,"column":77}},"skip":true},"12":{"name":"(anonymous_12)","line":315,"loc":{"start":{"line":315,"column":32},"end":{"line":315,"column":61}},"skip":true}},"statementMap":{"1":{"start":{"line":26,"column":0},"end":{"line":326,"column":5}},"2":{"start":{"line":28,"column":4},"end":{"line":28,"column":14}},"3":{"start":{"line":33,"column":4},"end":{"line":60,"column":9}},"4":{"start":{"line":35,"column":8},"end":{"line":35,"column":19}},"5":{"start":{"line":37,"column":8},"end":{"line":49,"column":13}},"6":{"start":{"line":38,"column":12},"end":{"line":48,"column":13}},"7":{"start":{"line":39,"column":16},"end":{"line":42,"column":30}},"8":{"start":{"line":44,"column":16},"end":{"line":47,"column":27}},"9":{"start":{"line":51,"column":8},"end":{"line":53,"column":21}},"10":{"start":{"line":55,"column":8},"end":{"line":57,"column":45}},"11":{"start":{"line":59,"column":8},"end":{"line":59,"column":35}},"12":{"start":{"line":61,"column":4},"end":{"line":325,"column":5}},"13":{"start":{"line":69,"column":8},"end":{"line":121,"column":10},"skip":true},"14":{"start":{"line":70,"column":12},"end":{"line":88,"column":13},"skip":true},"15":{"start":{"line":76,"column":16},"end":{"line":87,"column":19},"skip":true},"16":{"start":{"line":79,"column":20},"end":{"line":86,"column":21},"skip":true},"17":{"start":{"line":82,"column":24},"end":{"line":82,"column":43},"skip":true},"18":{"start":{"line":83,"column":24},"end":{"line":83,"column":30},"skip":true},"19":{"start":{"line":85,"column":24},"end":{"line":85,"column":49},"skip":true},"20":{"start":{"line":89,"column":12},"end":{"line":107,"column":13},"skip":true},"21":{"start":{"line":92,"column":16},"end":{"line":102,"column":17},"skip":true},"22":{"start":{"line":93,"column":20},"end":{"line":93,"column":86},"skip":true},"23":{"start":{"line":94,"column":20},"end":{"line":95,"column":45},"skip":true},"24":{"start":{"line":96,"column":20},"end":{"line":96,"column":42},"skip":true},"25":{"start":{"line":97,"column":20},"end":{"line":97,"column":48},"skip":true},"26":{"start":{"line":100,"column":20},"end":{"line":100,"column":85},"skip":true},"27":{"start":{"line":101,"column":20},"end":{"line":101,"column":96},"skip":true},"28":{"start":{"line":103,"column":16},"end":{"line":103,"column":22},"skip":true},"29":{"start":{"line":106,"column":16},"end":{"line":106,"column":22},"skip":true},"30":{"start":{"line":108,"column":12},"end":{"line":120,"column":13},"skip":true},"31":{"start":{"line":114,"column":16},"end":{"line":119,"column":17},"skip":true},"32":{"start":{"line":116,"column":20},"end":{"line":116,"column":78},"skip":true},"33":{"start":{"line":118,"column":20},"end":{"line":118,"column":47},"skip":true},"34":{"start":{"line":123,"column":8},"end":{"line":141,"column":11},"skip":true},"35":{"start":{"line":124,"column":12},"end":{"line":124,"column":54},"skip":true},"36":{"start":{"line":125,"column":12},"end":{"line":140,"column":14},"skip":true},"37":{"start":{"line":126,"column":16},"end":{"line":126,"column":28},"skip":true},"38":{"start":{"line":127,"column":16},"end":{"line":127,"column":69},"skip":true},"39":{"start":{"line":128,"column":16},"end":{"line":128,"column":75},"skip":true},"40":{"start":{"line":129,"column":16},"end":{"line":131,"column":17},"skip":true},"41":{"start":{"line":130,"column":20},"end":{"line":130,"column":27},"skip":true},"42":{"start":{"line":133,"column":16},"end":{"line":137,"column":36},"skip":true},"43":{"start":{"line":134,"column":20},"end":{"line":136,"column":55},"skip":true},"44":{"start":{"line":139,"column":16},"end":{"line":139,"column":57},"skip":true},"45":{"start":{"line":143,"column":8},"end":{"line":147,"column":11},"skip":true},"46":{"start":{"line":144,"column":12},"end":{"line":146,"column":15},"skip":true},"47":{"start":{"line":145,"column":16},"end":{"line":145,"column":70},"skip":true},"48":{"start":{"line":149,"column":8},"end":{"line":149,"column":31},"skip":true},"49":{"start":{"line":150,"column":8},"end":{"line":150,"column":14},"skip":true},"50":{"start":{"line":158,"column":8},"end":{"line":158,"column":31},"skip":true},"51":{"start":{"line":160,"column":8},"end":{"line":160,"column":33},"skip":true},"52":{"start":{"line":161,"column":8},"end":{"line":161,"column":37},"skip":true},"53":{"start":{"line":162,"column":8},"end":{"line":162,"column":35},"skip":true},"54":{"start":{"line":164,"column":8},"end":{"line":164,"column":50},"skip":true},"55":{"start":{"line":166,"column":8},"end":{"line":256,"column":2},"skip":true},"56":{"start":{"line":258,"column":8},"end":{"line":286,"column":9},"skip":true},"57":{"start":{"line":259,"column":12},"end":{"line":269,"column":14},"skip":true},"58":{"start":{"line":271,"column":12},"end":{"line":285,"column":19},"skip":true},"59":{"start":{"line":274,"column":20},"end":{"line":274,"column":35},"skip":true},"60":{"start":{"line":275,"column":20},"end":{"line":284,"column":21},"skip":true},"61":{"start":{"line":277,"column":24},"end":{"line":277,"column":64},"skip":true},"62":{"start":{"line":279,"column":24},"end":{"line":279,"column":40},"skip":true},"63":{"start":{"line":281,"column":24},"end":{"line":281,"column":40},"skip":true},"64":{"start":{"line":283,"column":24},"end":{"line":283,"column":39},"skip":true},"65":{"start":{"line":288,"column":8},"end":{"line":290,"column":9},"skip":true},"66":{"start":{"line":289,"column":12},"end":{"line":289,"column":18},"skip":true},"67":{"start":{"line":291,"column":8},"end":{"line":293,"column":54},"skip":true},"68":{"start":{"line":296,"column":8},"end":{"line":301,"column":37},"skip":true},"69":{"start":{"line":303,"column":8},"end":{"line":303,"column":82},"skip":true},"70":{"start":{"line":306,"column":8},"end":{"line":308,"column":9},"skip":true},"71":{"start":{"line":307,"column":12},"end":{"line":307,"column":82},"skip":true},"72":{"start":{"line":310,"column":8},"end":{"line":312,"column":9},"skip":true},"73":{"start":{"line":311,"column":12},"end":{"line":311,"column":18},"skip":true},"74":{"start":{"line":313,"column":8},"end":{"line":313,"column":54},"skip":true},"75":{"start":{"line":314,"column":8},"end":{"line":314,"column":69},"skip":true},"76":{"start":{"line":315,"column":8},"end":{"line":323,"column":36},"skip":true},"77":{"start":{"line":316,"column":12},"end":{"line":316,"column":61},"skip":true},"78":{"start":{"line":317,"column":12},"end":{"line":320,"column":13},"skip":true},"79":{"start":{"line":318,"column":16},"end":{"line":318,"column":75},"skip":true},"80":{"start":{"line":319,"column":16},"end":{"line":319,"column":23},"skip":true},"81":{"start":{"line":321,"column":12},"end":{"line":321,"column":38},"skip":true},"82":{"start":{"line":322,"column":12},"end":{"line":322,"column":27},"skip":true},"83":{"start":{"line":324,"column":8},"end":{"line":324,"column":14},"skip":true}},"branchMap":{"1":{"line":39,"type":"binary-expr","locations":[{"start":{"line":39,"column":23},"end":{"line":39,"column":62}},{"start":{"line":40,"column":20},"end":{"line":40,"column":70}},{"start":{"line":41,"column":20},"end":{"line":41,"column":71}},{"start":{"line":42,"column":20},"end":{"line":42,"column":29}}]},"2":{"line":44,"type":"binary-expr","locations":[{"start":{"line":44,"column":23},"end":{"line":44,"column":37}},{"start":{"line":45,"column":20},"end":{"line":45,"column":61}},{"start":{"line":46,"column":20},"end":{"line":46,"column":70}},{"start":{"line":47,"column":20},"end":{"line":47,"column":26}}]},"3":{"line":51,"type":"cond-expr","locations":[{"start":{"line":52,"column":14},"end":{"line":52,"column":20}},{"start":{"line":53,"column":14},"end":{"line":53,"column":20}}]},"4":{"line":55,"type":"binary-expr","locations":[{"start":{"line":55,"column":16},"end":{"line":55,"column":44}},{"start":{"line":55,"column":49},"end":{"line":57,"column":43}}]},"5":{"line":55,"type":"cond-expr","locations":[{"start":{"line":56,"column":14},"end":{"line":56,"column":50}},{"start":{"line":57,"column":14},"end":{"line":57,"column":43}}]},"6":{"line":61,"type":"switch","locations":[{"start":{"line":68,"column":4},"end":{"line":150,"column":14},"skip":true},{"start":{"line":156,"column":4},"end":{"line":324,"column":14},"skip":true}]},"7":{"line":70,"type":"if","locations":[{"start":{"line":70,"column":12},"end":{"line":70,"column":12},"skip":true},{"start":{"line":70,"column":12},"end":{"line":70,"column":12},"skip":true}]},"8":{"line":70,"type":"binary-expr","locations":[{"start":{"line":70,"column":16},"end":{"line":70,"column":22},"skip":true},{"start":{"line":70,"column":27},"end":{"line":70,"column":32},"skip":true},{"start":{"line":71,"column":20},"end":{"line":71,"column":39},"skip":true},{"start":{"line":72,"column":20},"end":{"line":72,"column":49},"skip":true},{"start":{"line":73,"column":20},"end":{"line":73,"column":58},"skip":true},{"start":{"line":74,"column":20},"end":{"line":74,"column":69},"skip":true}]},"9":{"line":79,"type":"switch","locations":[{"start":{"line":80,"column":20},"end":{"line":80,"column":33},"skip":true},{"start":{"line":81,"column":20},"end":{"line":83,"column":30},"skip":true},{"start":{"line":84,"column":20},"end":{"line":85,"column":49},"skip":true}]},"10":{"line":89,"type":"switch","locations":[{"start":{"line":90,"column":12},"end":{"line":103,"column":22},"skip":true},{"start":{"line":105,"column":12},"end":{"line":106,"column":22},"skip":true}]},"11":{"line":89,"type":"binary-expr","locations":[{"start":{"line":89,"column":20},"end":{"line":89,"column":25},"skip":true},{"start":{"line":89,"column":29},"end":{"line":89,"column":48},"skip":true},{"start":{"line":89,"column":52},"end":{"line":89,"column":74},"skip":true}]},"12":{"line":92,"type":"if","locations":[{"start":{"line":92,"column":16},"end":{"line":92,"column":16},"skip":true},{"start":{"line":92,"column":16},"end":{"line":92,"column":16},"skip":true}]},"13":{"line":108,"type":"if","locations":[{"start":{"line":108,"column":12},"end":{"line":108,"column":12},"skip":true},{"start":{"line":108,"column":12},"end":{"line":108,"column":12},"skip":true}]},"14":{"line":108,"type":"binary-expr","locations":[{"start":{"line":108,"column":16},"end":{"line":108,"column":61},"skip":true},{"start":{"line":108,"column":66},"end":{"line":108,"column":72},"skip":true},{"start":{"line":108,"column":77},"end":{"line":108,"column":82},"skip":true},{"start":{"line":109,"column":20},"end":{"line":109,"column":39},"skip":true},{"start":{"line":110,"column":20},"end":{"line":110,"column":49},"skip":true},{"start":{"line":111,"column":20},"end":{"line":111,"column":58},"skip":true},{"start":{"line":112,"column":20},"end":{"line":112,"column":68},"skip":true}]},"15":{"line":129,"type":"if","locations":[{"start":{"line":129,"column":16},"end":{"line":129,"column":16},"skip":true},{"start":{"line":129,"column":16},"end":{"line":129,"column":16},"skip":true}]},"16":{"line":134,"type":"cond-expr","locations":[{"start":{"line":135,"column":26},"end":{"line":135,"column":29},"skip":true},{"start":{"line":136,"column":26},"end":{"line":136,"column":54},"skip":true}]},"17":{"line":164,"type":"binary-expr","locations":[{"start":{"line":164,"column":27},"end":{"line":164,"column":43},"skip":true},{"start":{"line":164,"column":47},"end":{"line":164,"column":49},"skip":true}]},"18":{"line":258,"type":"if","locations":[{"start":{"line":258,"column":8},"end":{"line":258,"column":8},"skip":true},{"start":{"line":258,"column":8},"end":{"line":258,"column":8},"skip":true}]},"19":{"line":275,"type":"switch","locations":[{"start":{"line":276,"column":20},"end":{"line":277,"column":64},"skip":true},{"start":{"line":278,"column":20},"end":{"line":279,"column":40},"skip":true},{"start":{"line":280,"column":20},"end":{"line":281,"column":40},"skip":true},{"start":{"line":282,"column":20},"end":{"line":283,"column":39},"skip":true}]},"20":{"line":288,"type":"if","locations":[{"start":{"line":288,"column":8},"end":{"line":288,"column":8},"skip":true},{"start":{"line":288,"column":8},"end":{"line":288,"column":8},"skip":true}]},"21":{"line":288,"type":"binary-expr","locations":[{"start":{"line":288,"column":12},"end":{"line":288,"column":40},"skip":true},{"start":{"line":288,"column":44},"end":{"line":288,"column":67},"skip":true}]},"22":{"line":292,"type":"binary-expr","locations":[{"start":{"line":292,"column":12},"end":{"line":292,"column":50},"skip":true},{"start":{"line":293,"column":12},"end":{"line":293,"column":53},"skip":true}]},"23":{"line":297,"type":"binary-expr","locations":[{"start":{"line":297,"column":12},"end":{"line":297,"column":64},"skip":true},{"start":{"line":298,"column":12},"end":{"line":301,"column":36},"skip":true}]},"24":{"line":303,"type":"binary-expr","locations":[{"start":{"line":303,"column":43},"end":{"line":303,"column":75},"skip":true},{"start":{"line":303,"column":79},"end":{"line":303,"column":81},"skip":true}]},"25":{"line":306,"type":"if","locations":[{"start":{"line":306,"column":8},"end":{"line":306,"column":8},"skip":true},{"start":{"line":306,"column":8},"end":{"line":306,"column":8},"skip":true}]},"26":{"line":310,"type":"if","locations":[{"start":{"line":310,"column":8},"end":{"line":310,"column":8},"skip":true},{"start":{"line":310,"column":8},"end":{"line":310,"column":8},"skip":true}]},"27":{"line":313,"type":"binary-expr","locations":[{"start":{"line":313,"column":27},"end":{"line":313,"column":43},"skip":true},{"start":{"line":313,"column":47},"end":{"line":313,"column":53},"skip":true}]},"28":{"line":317,"type":"if","locations":[{"start":{"line":317,"column":12},"end":{"line":317,"column":12},"skip":true},{"start":{"line":317,"column":12},"end":{"line":317,"column":12},"skip":true}]}},"code":["/*","example.js","","quickstart example","","instruction","    1. save this script as example.js","    2. run the shell command:","        $ npm install npmtest-thumbd && PORT=8081 node example.js","    3. play with the browser-demo on http://127.0.0.1:8081","*/","","","","/* istanbul instrument in package npmtest_thumbd */","/*jslint","    bitwise: true,","    browser: true,","    maxerr: 8,","    maxlen: 96,","    node: true,","    nomen: true,","    regexp: true,","    stupid: true","*/","(function () {","    'use strict';","    var local;","","","","    // run shared js-env code - pre-init","    (function () {","        // init local","        local = {};","        // init modeJs","        local.modeJs = (function () {","            try {","                return typeof navigator.userAgent === 'string' &&","                    typeof document.querySelector('body') === 'object' &&","                    typeof XMLHttpRequest.prototype.open === 'function' &&","                    'browser';","            } catch (errorCaughtBrowser) {","                return module.exports &&","                    typeof process.versions.node === 'string' &&","                    typeof require('http').createServer === 'function' &&","                    'node';","            }","        }());","        // init global","        local.global = local.modeJs === 'browser'","            ? window","            : global;","        // init utility2_rollup","        local = local.global.utility2_rollup || (local.modeJs === 'browser'","            ? local.global.utility2_npmtest_thumbd","            : global.utility2_moduleExports);","        // export local","        local.global.local = local;","    }());","    switch (local.modeJs) {","","","","    // post-init","    // run browser js-env code - post-init","    /* istanbul ignore next */","    case 'browser':","        local.testRunBrowser = function (event) {","            if (!event || (event &&","                    event.currentTarget &&","                    event.currentTarget.className &&","                    event.currentTarget.className.includes &&","                    event.currentTarget.className.includes('onreset'))) {","                // reset output","                Array.from(","                    document.querySelectorAll('body > .resettable')","                ).forEach(function (element) {","                    switch (element.tagName) {","                    case 'INPUT':","                    case 'TEXTAREA':","                        element.value = '';","                        break;","                    default:","                        element.textContent = '';","                    }","                });","            }","            switch (event && event.currentTarget && event.currentTarget.id) {","            case 'testRunButton1':","                // show tests","                if (document.querySelector('#testReportDiv1').style.display === 'none') {","                    document.querySelector('#testReportDiv1').style.display = 'block';","                    document.querySelector('#testRunButton1').textContent =","                        'hide internal test';","                    local.modeTest = true;","                    local.testRunDefault(local);","                // hide tests","                } else {","                    document.querySelector('#testReportDiv1').style.display = 'none';","                    document.querySelector('#testRunButton1').textContent = 'run internal test';","                }","                break;","            // custom-case","            default:","                break;","            }","            if (document.querySelector('#inputTextareaEval1') && (!event || (event &&","                    event.currentTarget &&","                    event.currentTarget.className &&","                    event.currentTarget.className.includes &&","                    event.currentTarget.className.includes('oneval')))) {","                // try to eval input-code","                try {","                    /*jslint evil: true*/","                    eval(document.querySelector('#inputTextareaEval1').value);","                } catch (errorCaught) {","                    console.error(errorCaught);","                }","            }","        };","        // log stderr and stdout to #outputTextareaStdout1","        ['error', 'log'].forEach(function (key) {","            console[key + '_original'] = console[key];","            console[key] = function () {","                var element;","                console[key + '_original'].apply(console, arguments);","                element = document.querySelector('#outputTextareaStdout1');","                if (!element) {","                    return;","                }","                // append text to #outputTextareaStdout1","                element.value += Array.from(arguments).map(function (arg) {","                    return typeof arg === 'string'","                        ? arg","                        : JSON.stringify(arg, null, 4);","                }).join(' ') + '\\n';","                // scroll textarea to bottom","                element.scrollTop = element.scrollHeight;","            };","        });","        // init event-handling","        ['change', 'click', 'keyup'].forEach(function (event) {","            Array.from(document.querySelectorAll('.on' + event)).forEach(function (element) {","                element.addEventListener(event, local.testRunBrowser);","            });","        });","        // run tests","        local.testRunBrowser();","        break;","","","","    // run node js-env code - post-init","    /* istanbul ignore next */","    case 'node':","        // export local","        module.exports = local;","        // require modules","        local.fs = require('fs');","        local.http = require('http');","        local.url = require('url');","        // init assets","        local.assetsDict = local.assetsDict || {};","        /* jslint-ignore-begin */","        local.assetsDict['/assets.index.template.html'] = '\\","<!doctype html>\\n\\","<html lang=\"en\">\\n\\","<head>\\n\\","<meta charset=\"UTF-8\">\\n\\","<meta name=\"viewport\" content=\"width=device-width, initial-scale=1\">\\n\\","<title>{{env.npm_package_name}} (v{{env.npm_package_version}})</title>\\n\\","<style>\\n\\","/*csslint\\n\\","    box-sizing: false,\\n\\","    universal-selector: false\\n\\","*/\\n\\","* {\\n\\","    box-sizing: border-box;\\n\\","}\\n\\","body {\\n\\","    background: #dde;\\n\\","    font-family: Arial, Helvetica, sans-serif;\\n\\","    margin: 2rem;\\n\\","}\\n\\","body > * {\\n\\","    margin-bottom: 1rem;\\n\\","}\\n\\",".utility2FooterDiv {\\n\\","    margin-top: 20px;\\n\\","    text-align: center;\\n\\","}\\n\\","</style>\\n\\","<style>\\n\\","/*csslint\\n\\","*/\\n\\","textarea {\\n\\","    font-family: monospace;\\n\\","    height: 10rem;\\n\\","    width: 100%;\\n\\","}\\n\\","textarea[readonly] {\\n\\","    background: #ddd;\\n\\","}\\n\\","</style>\\n\\","</head>\\n\\","<body>\\n\\","<!-- utility2-comment\\n\\","<div id=\"ajaxProgressDiv1\" style=\"background: #d00; height: 2px; left: 0; margin: 0; padding: 0; position: fixed; top: 0; transition: background 0.5s, width 1.5s; width: 25%;\"></div>\\n\\","utility2-comment -->\\n\\","<h1>\\n\\","<!-- utility2-comment\\n\\","    <a\\n\\","        {{#if env.npm_package_homepage}}\\n\\","        href=\"{{env.npm_package_homepage}}\"\\n\\","        {{/if env.npm_package_homepage}}\\n\\","        target=\"_blank\"\\n\\","    >\\n\\","utility2-comment -->\\n\\","        {{env.npm_package_name}} (v{{env.npm_package_version}})\\n\\","<!-- utility2-comment\\n\\","    </a>\\n\\","utility2-comment -->\\n\\","</h1>\\n\\","<h3>{{env.npm_package_description}}</h3>\\n\\","<!-- utility2-comment\\n\\","<h4><a download href=\"assets.app.js\">download standalone app</a></h4>\\n\\","<button class=\"onclick onreset\" id=\"testRunButton1\">run internal test</button><br>\\n\\","<div id=\"testReportDiv1\" style=\"display: none;\"></div>\\n\\","utility2-comment -->\\n\\","\\n\\","\\n\\","\\n\\","<label>stderr and stdout</label>\\n\\","<textarea class=\"resettable\" id=\"outputTextareaStdout1\" readonly></textarea>\\n\\","<!-- utility2-comment\\n\\","{{#if isRollup}}\\n\\","<script src=\"assets.app.js\"></script>\\n\\","{{#unless isRollup}}\\n\\","utility2-comment -->\\n\\","<script src=\"assets.utility2.rollup.js\"></script>\\n\\","<script src=\"jsonp.utility2._stateInit?callback=window.utility2._stateInit\"></script>\\n\\","<script src=\"assets.npmtest_thumbd.rollup.js\"></script>\\n\\","<script src=\"assets.example.js\"></script>\\n\\","<script src=\"assets.test.js\"></script>\\n\\","<!-- utility2-comment\\n\\","{{/if isRollup}}\\n\\","utility2-comment -->\\n\\","<div class=\"utility2FooterDiv\">\\n\\","    [ this app was created with\\n\\","    <a href=\"https://github.com/kaizhu256/node-utility2\" target=\"_blank\">utility2</a>\\n\\","    ]\\n\\","</div>\\n\\","</body>\\n\\","</html>\\n\\","';","        /* jslint-ignore-end */","        if (local.templateRender) {","            local.assetsDict['/'] = local.templateRender(","                local.assetsDict['/assets.index.template.html'],","                {","                    env: local.objectSetDefault(local.env, {","                        npm_package_description: 'the greatest app in the world!',","                        npm_package_name: 'my-app',","                        npm_package_nameAlias: 'my_app',","                        npm_package_version: '0.0.1'","                    })","                }","            );","        } else {","            local.assetsDict['/'] = local.assetsDict['/assets.index.template.html']","                .replace((/\\{\\{env\\.(\\w+?)\\}\\}/g), function (match0, match1) {","                    // jslint-hack","                    String(match0);","                    switch (match1) {","                    case 'npm_package_description':","                        return 'the greatest app in the world!';","                    case 'npm_package_name':","                        return 'my-app';","                    case 'npm_package_nameAlias':","                        return 'my_app';","                    case 'npm_package_version':","                        return '0.0.1';","                    }","                });","        }","        // run the cli","        if (local.global.utility2_rollup || module !== require.main) {","            break;","        }","        local.assetsDict['/assets.example.js'] =","            local.assetsDict['/assets.example.js'] ||","            local.fs.readFileSync(__filename, 'utf8');","        // bug-workaround - long $npm_package_buildCustomOrg","        /* jslint-ignore-begin */","        local.assetsDict['/assets.npmtest_thumbd.rollup.js'] =","            local.assetsDict['/assets.npmtest_thumbd.rollup.js'] ||","            local.fs.readFileSync(","                local.npmtest_thumbd.__dirname + '/lib.npmtest_thumbd.js',","                'utf8'","            ).replace((/^#!/), '//');","        /* jslint-ignore-end */","        local.assetsDict['/favicon.ico'] = local.assetsDict['/favicon.ico'] || '';","        // if $npm_config_timeout_exit exists,","        // then exit this process after $npm_config_timeout_exit ms","        if (Number(process.env.npm_config_timeout_exit)) {","            setTimeout(process.exit, Number(process.env.npm_config_timeout_exit));","        }","        // start server","        if (local.global.utility2_serverHttp1) {","            break;","        }","        process.env.PORT = process.env.PORT || '8081';","        console.error('server starting on port ' + process.env.PORT);","        local.http.createServer(function (request, response) {","            request.urlParsed = local.url.parse(request.url);","            if (local.assetsDict[request.urlParsed.pathname] !== undefined) {","                response.end(local.assetsDict[request.urlParsed.pathname]);","                return;","            }","            response.statusCode = 404;","            response.end();","        }).listen(process.env.PORT);","        break;","    }","}());",""],"l":{"26":2,"28":2,"33":2,"35":2,"37":2,"38":2,"39":2,"44":1,"51":2,"55":2,"59":2,"61":2,"69":1,"70":2,"76":2,"79":2,"82":2,"83":2,"85":1,"89":2,"92":1,"93":1,"94":1,"96":1,"97":1,"100":1,"101":1,"103":1,"106":1,"108":2,"114":1,"116":1,"118":1,"123":1,"124":2,"125":2,"126":3,"127":3,"128":3,"129":3,"130":1,"133":3,"134":3,"139":3,"143":1,"144":3,"145":1,"149":1,"150":1,"158":1,"160":1,"161":1,"162":1,"164":1,"166":1,"258":1,"259":1,"271":1,"274":6,"275":6,"277":1,"279":2,"281":1,"283":2,"288":1,"289":1,"291":1,"296":1,"303":1,"306":1,"307":1,"310":1,"311":1,"313":1,"314":1,"315":1,"316":1,"317":1,"318":1,"319":1,"321":1,"322":1,"324":1}},"/home/travis/build/npmtest/node-npmtest-thumbd/node_modules/thumbd/lib/index.js":{"path":"/home/travis/build/npmtest/node-npmtest-thumbd/node_modules/thumbd/lib/index.js","s":{"1":1,"2":1,"3":1,"4":1,"5":1,"6":1,"7":1,"8":0},"b":{},"f":{"1":0},"fnMap":{"1":{"name":"(anonymous_1)","line":9,"loc":{"start":{"line":9,"column":15},"end":{"line":9,"column":41}}}},"statementMap":{"1":{"start":{"line":1,"column":0},"end":{"line":1,"column":43}},"2":{"start":{"line":2,"column":0},"end":{"line":2,"column":46}},"3":{"start":{"line":3,"column":0},"end":{"line":3,"column":40}},"4":{"start":{"line":4,"column":0},"end":{"line":4,"column":58}},"5":{"start":{"line":5,"column":0},"end":{"line":5,"column":43}},"6":{"start":{"line":6,"column":0},"end":{"line":6,"column":43}},"7":{"start":{"line":9,"column":0},"end":{"line":11,"column":1}},"8":{"start":{"line":10,"column":2},"end":{"line":10,"column":46}}},"branchMap":{},"code":["exports.Client = require('./client').Client","exports.Grabber = require('./grabber').Grabber","exports.Saver = require('./saver').Saver","exports.Thumbnailer = require('./thumbnailer').Thumbnailer","exports.Worker = require('./worker').Worker","exports.Config = require('./config').Config","","// expose the raw knox S3 client.","exports.knox = function (bucket, region) {","  return require('./utils').s3(bucket, region)","}",""],"l":{"1":1,"2":1,"3":1,"4":1,"5":1,"6":1,"9":1,"10":0}},"/home/travis/build/npmtest/node-npmtest-thumbd/node_modules/thumbd/lib/client.js":{"path":"/home/travis/build/npmtest/node-npmtest-thumbd/node_modules/thumbd/lib/client.js","s":{"1":1,"2":1,"3":1,"4":1,"5":0,"6":0,"7":0,"8":0,"9":0,"10":0,"11":0,"12":1,"13":0,"14":0,"15":0,"16":0,"17":0,"18":0,"19":1,"20":0,"21":0,"22":0,"23":0,"24":0,"25":0,"26":0,"27":0,"28":0,"29":1},"b":{"1":[0,0],"2":[0,0],"3":[0,0],"4":[0,0],"5":[0,0],"6":[0,0]},"f":{"1":0,"2":0,"3":0,"4":0},"fnMap":{"1":{"name":"Client","line":10,"loc":{"start":{"line":10,"column":0},"end":{"line":10,"column":23}}},"2":{"name":"(anonymous_2)","line":43,"loc":{"start":{"line":43,"column":26},"end":{"line":43,"column":73}}},"3":{"name":"(anonymous_3)","line":70,"loc":{"start":{"line":70,"column":29},"end":{"line":70,"column":98}}},"4":{"name":"(anonymous_4)","line":101,"loc":{"start":{"line":101,"column":97},"end":{"line":101,"column":120}}}},"statementMap":{"1":{"start":{"line":1,"column":0},"end":{"line":1,"column":28}},"2":{"start":{"line":2,"column":0},"end":{"line":2,"column":39}},"3":{"start":{"line":3,"column":0},"end":{"line":3,"column":25}},"4":{"start":{"line":10,"column":0},"end":{"line":33,"column":1}},"5":{"start":{"line":13,"column":2},"end":{"line":15,"column":10}},"6":{"start":{"line":17,"column":2},"end":{"line":17,"column":21}},"7":{"start":{"line":21,"column":2},"end":{"line":30,"column":3}},"8":{"start":{"line":22,"column":4},"end":{"line":22,"column":23}},"9":{"start":{"line":23,"column":4},"end":{"line":23,"column":19}},"10":{"start":{"line":25,"column":4},"end":{"line":29,"column":6}},"11":{"start":{"line":32,"column":2},"end":{"line":32,"column":122}},"12":{"start":{"line":43,"column":0},"end":{"line":58,"column":1}},"13":{"start":{"line":44,"column":2},"end":{"line":44,"column":30}},"14":{"start":{"line":47,"column":2},"end":{"line":50,"column":3}},"15":{"start":{"line":48,"column":4},"end":{"line":48,"column":19}},"16":{"start":{"line":49,"column":4},"end":{"line":49,"column":13}},"17":{"start":{"line":52,"column":2},"end":{"line":55,"column":10}},"18":{"start":{"line":57,"column":2},"end":{"line":57,"column":88}},"19":{"start":{"line":70,"column":0},"end":{"line":104,"column":1}},"20":{"start":{"line":86,"column":2},"end":{"line":89,"column":3}},"21":{"start":{"line":87,"column":4},"end":{"line":87,"column":19}},"22":{"start":{"line":88,"column":4},"end":{"line":88,"column":13}},"23":{"start":{"line":92,"column":2},"end":{"line":92,"column":79}},"24":{"start":{"line":92,"column":38},"end":{"line":92,"column":79}},"25":{"start":{"line":95,"column":2},"end":{"line":99,"column":10}},"26":{"start":{"line":101,"column":2},"end":{"line":103,"column":4}},"27":{"start":{"line":102,"column":4},"end":{"line":102,"column":39}},"28":{"start":{"line":102,"column":18},"end":{"line":102,"column":39}},"29":{"start":{"line":106,"column":0},"end":{"line":106,"column":23}}},"branchMap":{"1":{"line":21,"type":"if","locations":[{"start":{"line":21,"column":2},"end":{"line":21,"column":2}},{"start":{"line":21,"column":2},"end":{"line":21,"column":2}}]},"2":{"line":21,"type":"binary-expr","locations":[{"start":{"line":21,"column":6},"end":{"line":21,"column":10}},{"start":{"line":21,"column":14},"end":{"line":21,"column":22}}]},"3":{"line":47,"type":"if","locations":[{"start":{"line":47,"column":2},"end":{"line":47,"column":2}},{"start":{"line":47,"column":2},"end":{"line":47,"column":2}}]},"4":{"line":86,"type":"if","locations":[{"start":{"line":86,"column":2},"end":{"line":86,"column":2}},{"start":{"line":86,"column":2},"end":{"line":86,"column":2}}]},"5":{"line":92,"type":"if","locations":[{"start":{"line":92,"column":2},"end":{"line":92,"column":2}},{"start":{"line":92,"column":2},"end":{"line":92,"column":2}}]},"6":{"line":102,"type":"if","locations":[{"start":{"line":102,"column":4},"end":{"line":102,"column":4}},{"start":{"line":102,"column":4},"end":{"line":102,"column":4}}]}},"code":["var aws = require('aws-sdk')","var config = require('./config').Config","var _ = require('lodash')","","/**"," * Initialize the Client"," *"," * @param object opts The Client options"," */","function Client (opts) {","  // update client instance and config","  // with overrides from opts.","  _.extend(this, {","    Saver: require('./saver').Saver","  }, opts)","","  config.extend(opts)","","  // allow sqs to be overridden","  // in tests.","  if (opts && opts.sqs) {","    this.sqs = opts.sqs","    delete opts.sqs","  } else {","    this.sqs = new aws.SQS({","      accessKeyId: config.get('awsKey'),","      secretAccessKey: config.get('awsSecret'),","      region: config.get('awsRegion')","    })","  }","","  config.set('sqsQueueUrl', this.sqs.endpoint.protocol + '//' + this.sqs.endpoint.hostname + '/' + config.get('sqsQueue'))","}","","/**"," * Upload a local file to S3, so that we can later thumbnail it."," *"," * @param string source path to local file."," * @param string destination key of file in remote s3 bucket."," * @param object opts(optional) optional region/bucket."," * @param function callback fired when image is uploaded. Optional."," */","Client.prototype.upload = function (source, destination, opts, callback) {","  var saver = new this.Saver()","","  // the options hash is optional.","  if (typeof opts === 'function') {","    callback = opts","    opts = {}","  }","  // merge the options hash with defaults from config.","  opts = _.extend({","    awsRegion: config.get('awsRegion'),","    s3Bucket: config.get('s3Bucket')","  }, opts)","","  saver.save(opts.s3Bucket, opts.awsRegion, source, destination, opts.headers, callback)","}","","/**"," * Submit a thumbnailing job over SQS."," *"," * @param string originalImagePaths Path to the image in S3 that thumbnailing should be performed on,"," *    can optionally be an array of resources."," * @param array thumbnailDescriptions Thumbnailing meta information, see README.md."," * @param object opts additional options"," *   @opt prefix alternative prefix for saving thumbnail."," * @param function callback The callback function. Optional."," */","Client.prototype.thumbnail = function (originalImagePaths, thumbnailDescriptions, opts, callback) {","  /**","    job = {","      \"resources\": [","        \"/foo/awesome.jpg\"","      ],","      \"prefix\": \"/foo/awesome\",","      \"descriptions\": [{","        \"suffix\": \"small\",","        \"width\": 64,","        \"height\": 64","      }],","    }","  */","","  // additional options can be provided.","  if (typeof opts === 'function') {","    callback = opts","    opts = {}","  }","","  // allow for either a single S3 resource, or an array.","  if (!_.isArray(originalImagePaths)) originalImagePaths = [originalImagePaths]","","  // override defaults with opts.","  opts = _.extend({","    prefix: originalImagePaths[0].split('.').slice(0, -1).join('.'),","    resources: originalImagePaths,","    descriptions: thumbnailDescriptions","  }, opts)","","  this.sqs.sendMessage({QueueUrl: config.get('sqsQueueUrl'), MessageBody: JSON.stringify(opts)}, function (err, result) {","    if (callback) callback(err, result)","  })","}","","exports.Client = Client",""],"l":{"1":1,"2":1,"3":1,"10":1,"13":0,"17":0,"21":0,"22":0,"23":0,"25":0,"32":0,"43":1,"44":0,"47":0,"48":0,"49":0,"52":0,"57":0,"70":1,"86":0,"87":0,"88":0,"92":0,"95":0,"101":0,"102":0,"106":1}},"/home/travis/build/npmtest/node-npmtest-thumbd/node_modules/thumbd/lib/config.js":{"path":"/home/travis/build/npmtest/node-npmtest-thumbd/node_modules/thumbd/lib/config.js","s":{"1":1,"2":1,"3":1,"4":0,"5":0,"6":0,"7":1,"8":1,"9":0,"10":0,"11":0,"12":0,"13":0,"14":0},"b":{"1":[1,1],"2":[1,1],"3":[1,1],"4":[1,1],"5":[1,1],"6":[1,1],"7":[1,1],"8":[1,1],"9":[1,1],"10":[1,1],"11":[1,1],"12":[1,0],"13":[0,0]},"f":{"1":0,"2":0,"3":1,"4":0,"5":0},"fnMap":{"1":{"name":"(anonymous_1)","line":31,"loc":{"start":{"line":31,"column":10},"end":{"line":31,"column":26}}},"2":{"name":"(anonymous_2)","line":41,"loc":{"start":{"line":41,"column":7},"end":{"line":41,"column":19}}},"3":{"name":"(anonymous_3)","line":52,"loc":{"start":{"line":52,"column":7},"end":{"line":52,"column":23}}},"4":{"name":"(anonymous_4)","line":65,"loc":{"start":{"line":65,"column":7},"end":{"line":65,"column":30}}},"5":{"name":"(anonymous_5)","line":77,"loc":{"start":{"line":77,"column":10},"end":{"line":77,"column":26}}}},"statementMap":{"1":{"start":{"line":1,"column":0},"end":{"line":1,"column":25}},"2":{"start":{"line":2,"column":0},"end":{"line":2,"column":26}},"3":{"start":{"line":4,"column":0},"end":{"line":83,"column":1}},"4":{"start":{"line":32,"column":4},"end":{"line":32,"column":45}},"5":{"start":{"line":33,"column":4},"end":{"line":33,"column":15}},"6":{"start":{"line":42,"column":4},"end":{"line":42,"column":22}},"7":{"start":{"line":53,"column":4},"end":{"line":53,"column":65}},"8":{"start":{"line":53,"column":41},"end":{"line":53,"column":65}},"9":{"start":{"line":54,"column":4},"end":{"line":54,"column":15}},"10":{"start":{"line":66,"column":4},"end":{"line":66,"column":29}},"11":{"start":{"line":67,"column":4},"end":{"line":67,"column":15}},"12":{"start":{"line":78,"column":4},"end":{"line":80,"column":5}},"13":{"start":{"line":79,"column":6},"end":{"line":79,"column":30}},"14":{"start":{"line":81,"column":4},"end":{"line":81,"column":15}}},"branchMap":{"1":{"line":7,"type":"binary-expr","locations":[{"start":{"line":7,"column":15},"end":{"line":7,"column":37}},{"start":{"line":7,"column":41},"end":{"line":7,"column":52}}]},"2":{"line":9,"type":"binary-expr","locations":[{"start":{"line":9,"column":21},"end":{"line":9,"column":48}},{"start":{"line":9,"column":52},"end":{"line":9,"column":61}}]},"3":{"line":10,"type":"binary-expr","locations":[{"start":{"line":10,"column":21},"end":{"line":10,"column":48}},{"start":{"line":10,"column":52},"end":{"line":10,"column":57}}]},"4":{"line":11,"type":"binary-expr","locations":[{"start":{"line":11,"column":12},"end":{"line":11,"column":30}},{"start":{"line":11,"column":34},"end":{"line":11,"column":43}}]},"5":{"line":13,"type":"binary-expr","locations":[{"start":{"line":13,"column":21},"end":{"line":13,"column":49}},{"start":{"line":13,"column":53},"end":{"line":13,"column":63}}]},"6":{"line":15,"type":"binary-expr","locations":[{"start":{"line":15,"column":13},"end":{"line":15,"column":32}},{"start":{"line":15,"column":36},"end":{"line":15,"column":42}}]},"7":{"line":16,"type":"binary-expr","locations":[{"start":{"line":16,"column":13},"end":{"line":16,"column":36}},{"start":{"line":16,"column":40},"end":{"line":16,"column":86}}]},"8":{"line":17,"type":"binary-expr","locations":[{"start":{"line":17,"column":15},"end":{"line":17,"column":36}},{"start":{"line":17,"column":40},"end":{"line":17,"column":46}}]},"9":{"line":19,"type":"binary-expr","locations":[{"start":{"line":19,"column":17},"end":{"line":19,"column":40}},{"start":{"line":19,"column":44},"end":{"line":19,"column":57}}]},"10":{"line":20,"type":"binary-expr","locations":[{"start":{"line":20,"column":15},"end":{"line":20,"column":31}},{"start":{"line":20,"column":35},"end":{"line":20,"column":39}}]},"11":{"line":21,"type":"binary-expr","locations":[{"start":{"line":21,"column":21},"end":{"line":21,"column":43}},{"start":{"line":21,"column":47},"end":{"line":21,"column":51}}]},"12":{"line":53,"type":"if","locations":[{"start":{"line":53,"column":4},"end":{"line":53,"column":4}},{"start":{"line":53,"column":4},"end":{"line":53,"column":4}}]},"13":{"line":78,"type":"if","locations":[{"start":{"line":78,"column":4},"end":{"line":78,"column":4}},{"start":{"line":78,"column":4},"end":{"line":78,"column":4}}]}},"code":["var _ = require('lodash')","var path = require('path')","","exports.Config = {","  config: {","    awsKey: process.env.AWS_KEY,","    awsRegion: process.env.AWS_REGION || 'us-east-1',","    awsSecret: process.env.AWS_SECRET,","    convertCommand: (process.env.CONVERT_COMMAND || 'convert'),","    requestTimeout: (process.env.REQUEST_TIMEOUT || 15000),","    s3Acl: (process.env.S3_ACL || 'private'),","    s3Bucket: process.env.BUCKET,","    s3StorageClass: (process.env.S3_STORAGE_CLASS || 'STANDARD'),","    sqsQueue: process.env.SQS_QUEUE,","    tmpDir: (process.env.TMP_DIR || '/tmp'),","    logger: (process.env.LOGGER_FILE || path.resolve(path.join(__dirname, './logger'))),","    logLevel: (process.env.LOG_LEVEL || 'info'),","    profile: !!process.env.PROFILE,","    metaPrefix: (process.env.META_PREFIX || 'x-amz-meta-'),","    keepMeta: (process.env.META || true),","    keepEncryption: (process.env.ENCRYPTION || true)","  },","","  /**","   * Extend the default configuration settings","   *","   * @param object opts The new configration settings","   *","   * @return Config","   */","  extend: function (opts) {","    this.config = _.extend(this.config, opts)","    return this","  },","","  /**","   * Get all config settings","   *","   * @return object","   */","  all: function () {","    return this.config","  },","","  /**","   * Get a config value","   *","   * @param string name The config variable name","   *","   * @return mixed or null if not set","   */","  get: function (name) {","    if (this.config[name] !== undefined) return this.config[name]","    return null","  },","","  /**","   * Add or update a config setting","   *","   * @param string name The config variable name","   * @param mixed value The value","   *","   * @return Config","   */","  set: function (name, value) {","    this.config[name] = value","    return this","  },","","  /**","   * Remove a config variable","   *","   * @param string name The config variable name","   *","   * @return Config","   */","  remove: function (name) {","    if (this.config[name] !== undefined) {","      delete this.config[name]","    }","    return this","  }","}",""],"l":{"1":1,"2":1,"4":1,"32":0,"33":0,"42":0,"53":1,"54":0,"66":0,"67":0,"78":0,"79":0,"81":0}},"/home/travis/build/npmtest/node-npmtest-thumbd/node_modules/thumbd/lib/grabber.js":{"path":"/home/travis/build/npmtest/node-npmtest-thumbd/node_modules/thumbd/lib/grabber.js","s":{"1":1,"2":1,"3":1,"4":1,"5":1,"6":1,"7":1,"8":0,"9":1,"10":0,"11":0,"12":0,"13":0,"14":0,"15":0,"16":0,"17":0,"18":0,"19":0,"20":0,"21":1,"22":0,"23":0,"24":0,"25":0,"26":0,"27":0,"28":0,"29":0,"30":0,"31":0,"32":0,"33":0,"34":0,"35":0,"36":0,"37":0,"38":1,"39":0,"40":0,"41":0,"42":0,"43":0,"44":0,"45":0,"46":0,"47":0,"48":0,"49":0,"50":0,"51":0,"52":0,"53":0,"54":0,"55":0,"56":0,"57":0,"58":0,"59":0,"60":0,"61":1,"62":0,"63":0,"64":0,"65":0,"66":0,"67":0,"68":1},"b":{"1":[0,0],"2":[0,0],"3":[0,0],"4":[0,0],"5":[0,0],"6":[0,0],"7":[0,0],"8":[0,0],"9":[0,0],"10":[0,0]},"f":{"1":0,"2":0,"3":0,"4":0,"5":0,"6":0,"7":0,"8":0,"9":0,"10":0,"11":0,"12":0,"13":0,"14":0,"15":0,"16":0,"17":0,"18":0,"19":0,"20":0,"21":0},"fnMap":{"1":{"name":"Grabber","line":13,"loc":{"start":{"line":13,"column":0},"end":{"line":13,"column":20}}},"2":{"name":"(anonymous_2)","line":23,"loc":{"start":{"line":23,"column":29},"end":{"line":23,"column":82}}},"3":{"name":"(anonymous_3)","line":27,"loc":{"start":{"line":27,"column":66},"end":{"line":27,"column":101}}},"4":{"name":"(anonymous_4)","line":30,"loc":{"start":{"line":30,"column":17},"end":{"line":30,"column":29}}},"5":{"name":"(anonymous_5)","line":52,"loc":{"start":{"line":52,"column":32},"end":{"line":52,"column":93}}},"6":{"name":"(anonymous_6)","line":54,"loc":{"start":{"line":54,"column":42},"end":{"line":54,"column":57}}},"7":{"name":"(anonymous_7)","line":55,"loc":{"start":{"line":55,"column":20},"end":{"line":55,"column":35}}},"8":{"name":"(anonymous_8)","line":60,"loc":{"start":{"line":60,"column":18},"end":{"line":60,"column":30}}},"9":{"name":"(anonymous_9)","line":67,"loc":{"start":{"line":67,"column":17},"end":{"line":67,"column":32}}},"10":{"name":"(anonymous_10)","line":70,"loc":{"start":{"line":70,"column":18},"end":{"line":70,"column":36}}},"11":{"name":"(anonymous_11)","line":72,"loc":{"start":{"line":72,"column":25},"end":{"line":72,"column":37}}},"12":{"name":"(anonymous_12)","line":88,"loc":{"start":{"line":88,"column":30},"end":{"line":88,"column":107}}},"13":{"name":"(anonymous_13)","line":90,"loc":{"start":{"line":90,"column":62},"end":{"line":90,"column":82}}},"14":{"name":"(anonymous_14)","line":99,"loc":{"start":{"line":99,"column":24},"end":{"line":99,"column":36}}},"15":{"name":"(anonymous_15)","line":100,"loc":{"start":{"line":100,"column":19},"end":{"line":100,"column":31}}},"16":{"name":"(anonymous_16)","line":105,"loc":{"start":{"line":105,"column":20},"end":{"line":105,"column":35}}},"17":{"name":"(anonymous_17)","line":110,"loc":{"start":{"line":110,"column":18},"end":{"line":110,"column":30}}},"18":{"name":"(anonymous_18)","line":114,"loc":{"start":{"line":114,"column":18},"end":{"line":114,"column":36}}},"19":{"name":"(anonymous_19)","line":116,"loc":{"start":{"line":116,"column":25},"end":{"line":116,"column":37}}},"20":{"name":"(anonymous_20)","line":121,"loc":{"start":{"line":121,"column":17},"end":{"line":121,"column":32}}},"21":{"name":"(anonymous_21)","line":129,"loc":{"start":{"line":129,"column":28},"end":{"line":129,"column":43}}}},"statementMap":{"1":{"start":{"line":1,"column":0},"end":{"line":1,"column":24}},"2":{"start":{"line":2,"column":0},"end":{"line":2,"column":30}},"3":{"start":{"line":3,"column":0},"end":{"line":3,"column":22}},"4":{"start":{"line":4,"column":0},"end":{"line":4,"column":26}},"5":{"start":{"line":5,"column":0},"end":{"line":5,"column":28}},"6":{"start":{"line":6,"column":0},"end":{"line":6,"column":39}},"7":{"start":{"line":13,"column":0},"end":{"line":15,"column":1}},"8":{"start":{"line":14,"column":2},"end":{"line":14,"column":45}},"9":{"start":{"line":23,"column":0},"end":{"line":42,"column":1}},"10":{"start":{"line":24,"column":2},"end":{"line":24,"column":18}},"11":{"start":{"line":25,"column":2},"end":{"line":25,"column":50}},"12":{"start":{"line":27,"column":2},"end":{"line":41,"column":4}},"13":{"start":{"line":28,"column":4},"end":{"line":28,"column":33}},"14":{"start":{"line":28,"column":13},"end":{"line":28,"column":33}},"15":{"start":{"line":30,"column":4},"end":{"line":40,"column":6}},"16":{"start":{"line":31,"column":6},"end":{"line":31,"column":96}},"17":{"start":{"line":33,"column":6},"end":{"line":33,"column":55}},"18":{"start":{"line":35,"column":6},"end":{"line":39,"column":7}},"19":{"start":{"line":36,"column":8},"end":{"line":36,"column":76}},"20":{"start":{"line":38,"column":8},"end":{"line":38,"column":90}},"21":{"start":{"line":52,"column":0},"end":{"line":78,"column":1}},"22":{"start":{"line":53,"column":2},"end":{"line":53,"column":65}},"23":{"start":{"line":54,"column":2},"end":{"line":77,"column":4}},"24":{"start":{"line":55,"column":4},"end":{"line":58,"column":6}},"25":{"start":{"line":56,"column":6},"end":{"line":56,"column":18}},"26":{"start":{"line":57,"column":6},"end":{"line":57,"column":19}},"27":{"start":{"line":60,"column":4},"end":{"line":63,"column":6}},"28":{"start":{"line":61,"column":6},"end":{"line":61,"column":18}},"29":{"start":{"line":62,"column":6},"end":{"line":62,"column":36}},"30":{"start":{"line":65,"column":4},"end":{"line":65,"column":20}},"31":{"start":{"line":68,"column":4},"end":{"line":68,"column":16}},"32":{"start":{"line":69,"column":4},"end":{"line":69,"column":17}},"33":{"start":{"line":71,"column":4},"end":{"line":71,"column":51}},"34":{"start":{"line":72,"column":4},"end":{"line":76,"column":6}},"35":{"start":{"line":73,"column":6},"end":{"line":73,"column":18}},"36":{"start":{"line":74,"column":6},"end":{"line":74,"column":17}},"37":{"start":{"line":75,"column":6},"end":{"line":75,"column":71}},"38":{"start":{"line":88,"column":0},"end":{"line":125,"column":1}},"39":{"start":{"line":89,"column":2},"end":{"line":89,"column":18}},"40":{"start":{"line":90,"column":2},"end":{"line":124,"column":4}},"41":{"start":{"line":92,"column":4},"end":{"line":92,"column":36}},"42":{"start":{"line":94,"column":4},"end":{"line":97,"column":5}},"43":{"start":{"line":95,"column":6},"end":{"line":95,"column":18}},"44":{"start":{"line":96,"column":6},"end":{"line":96,"column":81}},"45":{"start":{"line":99,"column":4},"end":{"line":101,"column":6}},"46":{"start":{"line":100,"column":6},"end":{"line":100,"column":86}},"47":{"start":{"line":100,"column":33},"end":{"line":100,"column":84}},"48":{"start":{"line":103,"column":4},"end":{"line":103,"column":20}},"49":{"start":{"line":105,"column":4},"end":{"line":108,"column":6}},"50":{"start":{"line":106,"column":6},"end":{"line":106,"column":18}},"51":{"start":{"line":107,"column":6},"end":{"line":107,"column":19}},"52":{"start":{"line":110,"column":4},"end":{"line":112,"column":6}},"53":{"start":{"line":111,"column":6},"end":{"line":111,"column":18}},"54":{"start":{"line":115,"column":4},"end":{"line":115,"column":51}},"55":{"start":{"line":116,"column":4},"end":{"line":120,"column":6}},"56":{"start":{"line":117,"column":6},"end":{"line":117,"column":18}},"57":{"start":{"line":118,"column":6},"end":{"line":118,"column":17}},"58":{"start":{"line":119,"column":6},"end":{"line":119,"column":69}},"59":{"start":{"line":122,"column":4},"end":{"line":122,"column":16}},"60":{"start":{"line":123,"column":4},"end":{"line":123,"column":17}},"61":{"start":{"line":129,"column":0},"end":{"line":140,"column":1}},"62":{"start":{"line":130,"column":2},"end":{"line":130,"column":19}},"63":{"start":{"line":131,"column":2},"end":{"line":137,"column":3}},"64":{"start":{"line":132,"column":4},"end":{"line":136,"column":5}},"65":{"start":{"line":133,"column":6},"end":{"line":135,"column":7}},"66":{"start":{"line":134,"column":8},"end":{"line":134,"column":42}},"67":{"start":{"line":139,"column":2},"end":{"line":139,"column":17}},"68":{"start":{"line":142,"column":0},"end":{"line":142,"column":25}}},"branchMap":{"1":{"line":28,"type":"if","locations":[{"start":{"line":28,"column":4},"end":{"line":28,"column":4}},{"start":{"line":28,"column":4},"end":{"line":28,"column":4}}]},"2":{"line":35,"type":"if","locations":[{"start":{"line":35,"column":6},"end":{"line":35,"column":6}},{"start":{"line":35,"column":6},"end":{"line":35,"column":6}}]},"3":{"line":53,"type":"cond-expr","locations":[{"start":{"line":53,"column":53},"end":{"line":53,"column":58}},{"start":{"line":53,"column":61},"end":{"line":53,"column":65}}]},"4":{"line":92,"type":"binary-expr","locations":[{"start":{"line":92,"column":10},"end":{"line":92,"column":13}},{"start":{"line":92,"column":17},"end":{"line":92,"column":36}}]},"5":{"line":94,"type":"if","locations":[{"start":{"line":94,"column":4},"end":{"line":94,"column":4}},{"start":{"line":94,"column":4},"end":{"line":94,"column":4}}]},"6":{"line":94,"type":"binary-expr","locations":[{"start":{"line":94,"column":8},"end":{"line":94,"column":11}},{"start":{"line":94,"column":15},"end":{"line":94,"column":36}}]},"7":{"line":131,"type":"if","locations":[{"start":{"line":131,"column":2},"end":{"line":131,"column":2}},{"start":{"line":131,"column":2},"end":{"line":131,"column":2}}]},"8":{"line":131,"type":"binary-expr","locations":[{"start":{"line":131,"column":6},"end":{"line":131,"column":28}},{"start":{"line":131,"column":32},"end":{"line":131,"column":60}}]},"9":{"line":133,"type":"if","locations":[{"start":{"line":133,"column":6},"end":{"line":133,"column":6}},{"start":{"line":133,"column":6},"end":{"line":133,"column":6}}]},"10":{"line":133,"type":"binary-expr","locations":[{"start":{"line":133,"column":10},"end":{"line":133,"column":49}},{"start":{"line":133,"column":53},"end":{"line":133,"column":99}}]}},"code":["var tmp = require('tmp')","var utils = require('./utils')","var fs = require('fs')","var http = require('http')","var https = require('https')","var config = require('./config').Config","","/**"," * Initialize the Grabber"," *"," * @param object s3 The S3 client"," */","function Grabber () {","  this.logger = require(config.get('logger'))","}","","/**"," * Download an image from S3 or over http(s)"," *"," * @param string remoteImagePath The image url / s3 path"," * @param function} callback The callback function"," */","Grabber.prototype.download = function (bucket, region, remoteImagePath, callback) {","  var _this = this","  var extension = remoteImagePath.split('.').pop()","","  tmp.file({dir: config.get('tmpDir'), postfix: '.' + extension}, function (err, localImagePath, fd) {","    if (err) return callback(err)","","    fs.close(fd, function () {","      _this.logger.info('downloading', remoteImagePath, 'from s3 to local file', localImagePath)","","      var stream = fs.createWriteStream(localImagePath)","","      if (remoteImagePath.match(/https?:\\/\\//)) { // we are thumbnailing a remote image.","        _this.getFileHTTP(remoteImagePath, localImagePath, stream, callback)","      } else { // we are thumbnailing an Object in our thumbnail S3 bucket.","        _this.getFileS3(bucket, region, remoteImagePath, localImagePath, stream, callback)","      }","    }) // close immediately, we do not use this file handle.","  })","}","","/**"," * Retrieve a file from a http(s) URI"," *"," * @param string remoteImagePath The image URI"," * @param string localImagePath The local image path"," * @param WriteStream stream The stream object for the local file"," * @param function callback The callback function"," */","Grabber.prototype.getFileHTTP = function (remoteImagePath, localImagePath, stream, callback) {","  var protocol = remoteImagePath.match('https://') ? https : http","  var req = protocol.get(remoteImagePath, function (res) {","    res.on('error', function (err) {","      stream.end()","      callback(err)","    })","","    res.on('end', function () {","      stream.end()","      callback(null, localImagePath)","    })","","    res.pipe(stream)","","  }).on('error', function (err) {","    stream.end()","    callback(err)","  }).on('socket', function (socket) { // abort connection if we're in idle state too long.","    socket.setTimeout(config.get('requestTimeout'))","    socket.on('timeout', function () {","      stream.end()","      req.abort()","      callback('socket timed out while downloading ' + remoteImagePath)","    })","  })","}","","/**"," * Retrieve a file from S3"," *"," * @param string remoteImagePath The S3 path"," * @param string localImagePath The local image path"," * @param WriteStream stream The stream object for the local file"," * @param function callback The callback function"," */","Grabber.prototype.getFileS3 = function (bucket, region, remoteImagePath, localImagePath, stream, callback) {","  var _this = this","  var req = utils.s3(bucket, region).getFile(remoteImagePath, function (err, res) {","    // no response should count as an error.","    res = res || { statusCode: 503 }","","    if (err || res.statusCode >= 400) {","      stream.end()","      return callback(Error('error retrieving from S3 status ' + res.statusCode))","    }","","    stream.on('finish', function () {","      stream.close(function () { callback(null, localImagePath, _this.getMeta(res)) })","    })","","    res.pipe(stream)","","    res.on('error', function (err) {","      stream.end()","      callback(err)","    })","","    res.on('end', function () {","      stream.end()","    })","","  }).on('socket', function (socket) {  // abort connection if we're in idle state too long.","    socket.setTimeout(config.get('requestTimeout'))","    socket.on('timeout', function () {","      stream.end()","      req.abort()","      callback('socket timeout while downloading ' + remoteImagePath)","    })","  }).on('error', function (err) {","    stream.end()","    callback(err)","  })","}","","// copy any x-amz-meta prefixed and x-amz-server-side-encryption headers","// to the thumbnail image being created.","Grabber.prototype.getMeta = function (res) {","  var metadata = {}","  if (config.get('keepMeta') || config.get('keepEncryption')) {","    for (var prop in res.headers) {","      if (prop === 'x-amz-server-side-encryption' || prop.slice(0, 11) === config.get('metaPrefix')) {","        metadata[prop] = res.headers[prop]","      }","    }","  }","","  return metadata","}","","exports.Grabber = Grabber",""],"l":{"1":1,"2":1,"3":1,"4":1,"5":1,"6":1,"13":1,"14":0,"23":1,"24":0,"25":0,"27":0,"28":0,"30":0,"31":0,"33":0,"35":0,"36":0,"38":0,"52":1,"53":0,"54":0,"55":0,"56":0,"57":0,"60":0,"61":0,"62":0,"65":0,"68":0,"69":0,"71":0,"72":0,"73":0,"74":0,"75":0,"88":1,"89":0,"90":0,"92":0,"94":0,"95":0,"96":0,"99":0,"100":0,"103":0,"105":0,"106":0,"107":0,"110":0,"111":0,"115":0,"116":0,"117":0,"118":0,"119":0,"122":0,"123":0,"129":1,"130":0,"131":0,"132":0,"133":0,"134":0,"139":0,"142":1}},"/home/travis/buil
[...]
  work.push(function (done) {","      var remoteImagePath = _this._thumbnailKey(job.prefix, description.suffix, description.format);(new Thumbnailer()).execute(description, localPaths, function (err, convertedImagePath) {","        if (err) {","          _this.logger.error(err)","          done()","        } else {","          _this._saveThumbnailToS3(bucket, region, convertedImagePath, remoteImagePath, s3Downloads[0].metadata, function (err) {","            if (err) _this.logger.error(err)","            done(null, remoteImagePath)","          })","        }","","      })","","    })","  })","","  // perform thumbnailing in parallel.","  async.parallel(work, callback)","}","","/**"," * Save the thumbnail to S3"," *"," * @param string convertedImagePath The local path to the image"," * @param string remoteImagePath The S3 path for the image"," * @param function callback The callback function"," */","Worker.prototype._saveThumbnailToS3 = function (bucket, region, convertedImagePath, remoteImagePath, metadata, callback) {","  this.saver.save(bucket, region, convertedImagePath, remoteImagePath, metadata, function (err) {","    fs.unlink(convertedImagePath, function () {","      callback(err)","    })","  })","}","","/**"," * Generate a path for this thumbnail"," *"," * @param string original The original image path"," * @param string suffix The thumbnail suffix. e.g. \"small\""," * @param string format The thumbnail format. e.g. \"jpg\". Optional."," */","Worker.prototype._thumbnailKey = function (prefix, suffix, format) {","  return prefix + '_' + suffix + '.' + (format || 'jpg')","}","","/**"," * Remove a job from the queue"," *"," * @param string handle The SQS message handle"," */","Worker.prototype._deleteJob = function (handle) {","  var _this = this","","  this.sqs.deleteMessage({QueueUrl: config.get('sqsQueueUrl'), ReceiptHandle: handle}, function (err, resp) {","    if (err) {","      _this.logger.error('error deleting thumbnail job ' + handle, err)","      return","    }","    _this.logger.info('deleted thumbnail job ' + handle)","  })","}","","/**"," * Call notification url"," *"," * @param string job: the body of the SQS job."," */","Worker.prototype._notify = function (job, cb) {","  var _this = this","","  if (!job.notify) return cb()","","  var options = {","    method: 'POST',","    url: job.notify,","    json: true,","    body: job","  }","","  request.post(options, function (err) {","    if (!err) _this.logger.error('notified:', job.notify)","    return cb()","  })","}","","exports.Worker = Worker",""],"l":{"1":1,"2":1,"3":1,"4":1,"5":1,"6":1,"7":1,"14":1,"15":0,"21":0,"27":0,"33":1,"34":0,"40":1,"41":0,"43":0,"45":0,"46":0,"47":0,"48":0,"49":0,"52":0,"53":0,"54":0,"58":0,"59":0,"61":0,"62":0,"64":0,"65":0,"67":0,"69":0,"70":0,"71":0,"72":0,"75":0,"76":0,"77":0,"78":0,"82":0,"83":0,"92":1,"93":0,"95":0,"96":0,"107":1,"125":0,"128":0,"130":0,"132":0,"134":0,"135":0,"139":0,"140":0,"141":0,"142":0,"144":0,"149":0,"150":0,"154":0,"155":0,"156":0,"166":1,"168":0,"169":0,"171":0,"173":0,"174":0,"185":1,"186":0,"187":0,"188":0,"189":0,"190":0,"193":0,"194":0,"195":0,"196":0,"200":0,"201":0,"202":0,"203":0,"204":0,"205":0,"207":0,"208":0,"209":0,"219":0,"229":1,"230":0,"231":0,"232":0,"244":1,"245":0,"253":1,"254":0,"256":0,"257":0,"258":0,"259":0,"261":0,"270":1,"271":0,"273":0,"275":0,"282":0,"283":0,"284":0,"288":1}},"/home/travis/build/npmtest/node-npmtest-thumbd/node_modules/thumbd/bin/thumbd.js":{"path":"/home/travis/build/npmtest/node-npmtest-thumbd/node_modules/thumbd/bin/thumbd.js","s":{"1":1,"2":1,"3":1,"4":1,"5":1,"6":1,"7":1,"8":1,"9":1,"10":1,"11":1,"12":1,"13":0,"14":0,"15":1,"16":0,"17":0,"18":0,"19":0,"20":0,"21":0,"22":0,"23":0,"24":0,"25":0,"26":1,"27":0,"28":0,"29":0,"30":0,"31":0,"32":0,"33":0,"34":0,"35":0,"36":0,"37":0,"38":0,"39":0,"40":0,"41":0,"42":0,"43":0,"44":0,"45":0,"46":0,"47":0,"48":0,"49":0,"50":0,"51":0,"52":0,"53":0,"54":0,"55":0,"56":0,"57":0,"58":0,"59":0,"60":0,"61":0,"62":0,"63":1,"64":1,"65":0},"b":{"1":[0,0],"2":[0,0],"3":[0,0,0,0,0,0,0,0,0,1],"4":[0,0],"5":[0,0],"6":[0,0],"7":[0,0],"8":[0,1],"9":[0,0]},"f":{"1":0,"2":0,"3":0},"fnMap":{"1":{"name":"(anonymous_1)","line":118,"loc":{"start":{"line":118,"column":32},"end":{"line":118,"column":47}}},"2":{"name":"buildOpts","line":130,"loc":{"start":{"line":130,"column":0},"end":{"line":130,"column":26}}},"3":{"name":"(anonymous_3)","line":177,"loc":{"start":{"line":177,"column":6},"end":{"line":177,"column":26}}}},"statementMap":{"1":{"start":{"line":3,"column":0},"end":{"line":3,"column":30}},"2":{"start":{"line":4,"column":0},"end":{"line":4,"column":25}},"3":{"start":{"line":5,"column":0},"end":{"line":5,"column":22}},"4":{"start":{"line":6,"column":0},"end":{"line":85,"column":23}},"5":{"start":{"line":86,"column":0},"end":{"line":86,"column":21}},"6":{"start":{"line":87,"column":0},"end":{"line":87,"column":25}},"7":{"start":{"line":88,"column":0},"end":{"line":88,"column":44}},"8":{"start":{"line":89,"column":0},"end":{"line":102,"column":1}},"9":{"start":{"line":103,"column":0},"end":{"line":113,"column":1}},"10":{"start":{"line":114,"column":0},"end":{"line":114,"column":34}},"11":{"start":{"line":115,"column":0},"end":{"line":115,"column":15}},"12":{"start":{"line":118,"column":0},"end":{"line":121,"column":2}},"13":{"start":{"line":119,"column":2},"end":{"line":119,"column":44}},"14":{"start":{"line":120,"column":2},"end":{"line":120,"column":27}},"15":{"start":{"line":130,"column":0},"end":{"line":143,"column":1}},"16":{"start":{"line":131,"column":2},"end":{"line":131,"column":15}},"17":{"start":{"line":132,"column":2},"end":{"line":132,"column":27}},"18":{"start":{"line":133,"column":2},"end":{"line":141,"column":3}},"19":{"start":{"line":134,"column":4},"end":{"line":134,"column":29}},"20":{"start":{"line":135,"column":4},"end":{"line":135,"column":38}},"21":{"start":{"line":136,"column":4},"end":{"line":136,"column":31}},"22":{"start":{"line":137,"column":4},"end":{"line":137,"column":60}},"23":{"start":{"line":138,"column":4},"end":{"line":140,"column":5}},"24":{"start":{"line":139,"column":6},"end":{"line":139,"column":122}},"25":{"start":{"line":142,"column":2},"end":{"line":142,"column":13}},"26":{"start":{"line":145,"column":0},"end":{"line":209,"column":1}},"27":{"start":{"line":148,"column":4},"end":{"line":148,"column":32}},"28":{"start":{"line":149,"column":4},"end":{"line":149,"column":23}},"29":{"start":{"line":151,"column":4},"end":{"line":151,"column":38}},"30":{"start":{"line":152,"column":4},"end":{"line":152,"column":35}},"31":{"start":{"line":152,"column":35},"end":{"line":155,"column":15}},"32":{"start":{"line":156,"column":4},"end":{"line":156,"column":9}},"33":{"start":{"line":160,"column":4},"end":{"line":160,"column":35}},"34":{"start":{"line":161,"column":4},"end":{"line":161,"column":22}},"35":{"start":{"line":164,"column":4},"end":{"line":164,"column":51}},"36":{"start":{"line":164,"column":21},"end":{"line":164,"column":51}},"37":{"start":{"line":165,"column":4},"end":{"line":165,"column":59}},"38":{"start":{"line":165,"column":25},"end":{"line":165,"column":59}},"39":{"start":{"line":166,"column":4},"end":{"line":166,"column":63}},"40":{"start":{"line":166,"column":27},"end":{"line":166,"column":63}},"41":{"start":{"line":168,"column":4},"end":{"line":168,"column":23}},"42":{"start":{"line":170,"column":4},"end":{"line":170,"column":36}},"43":{"start":{"line":171,"column":4},"end":{"line":171,"column":46}},"44":{"start":{"line":173,"column":4},"end":{"line":184,"column":5}},"45":{"start":{"line":178,"column":8},"end":{"line":182,"column":9}},"46":{"start":{"line":179,"column":10},"end":{"line":179,"column":27}},"47":{"start":{"line":181,"column":10},"end":{"line":181,"column":26}},"48":{"start":{"line":185,"column":4},"end":{"line":185,"column":9}},"49":{"start":{"line":187,"column":4},"end":{"line":187,"column":17}},"50":{"start":{"line":188,"column":4},"end":{"line":188,"column":9}},"51":{"start":{"line":190,"column":4},"end":{"line":190,"column":16}},"52":{"start":{"line":191,"column":4},"end":{"line":191,"column":9}},"53":{"start":{"line":193,"column":4},"end":{"line":193,"column":15}},"54":{"start":{"line":194,"column":4},"end":{"line":194,"column":9}},"55":{"start":{"line":196,"column":4},"end":{"line":196,"column":17}},"56":{"start":{"line":197,"column":4},"end":{"line":197,"column":9}},"57":{"start":{"line":199,"column":4},"end":{"line":199,"column":14}},"58":{"start":{"line":200,"column":4},"end":{"line":200,"column":9}},"59":{"start":{"line":202,"column":4},"end":{"line":202,"column":21}},"60":{"start":{"line":203,"column":4},"end":{"line":203,"column":9}},"61":{"start":{"line":205,"column":4},"end":{"line":205,"column":19}},"62":{"start":{"line":206,"column":4},"end":{"line":206,"column":9}},"63":{"start":{"line":208,"column":4},"end":{"line":208,"column":20}},"64":{"start":{"line":212,"column":0},"end":{"line":212,"column":74}},"65":{"start":{"line":212,"column":27},"end":{"line":212,"column":74}}},"branchMap":{"1":{"line":137,"type":"binary-expr","locations":[{"start":{"line":137,"column":22},"end":{"line":137,"column":35}},{"start":{"line":137,"column":39},"end":{"line":137,"column":60}}]},"2":{"line":138,"type":"if","locations":[{"start":{"line":138,"column":4},"end":{"line":138,"column":4}},{"start":{"line":138,"column":4},"end":{"line":138,"column":4}}]},"3":{"line":145,"type":"switch","locations":[{"start":{"line":146,"column":2},"end":{"line":156,"column":9}},{"start":{"line":158,"column":2},"end":{"line":185,"column":9}},{"start":{"line":186,"column":2},"end":{"line":188,"column":9}},{"start":{"line":189,"column":2},"end":{"line":191,"column":9}},{"start":{"line":192,"column":2},"end":{"line":194,"column":9}},{"start":{"line":195,"column":2},"end":{"line":197,"column":9}},{"start":{"line":198,"column":2},"end":{"line":200,"column":9}},{"start":{"line":201,"column":2},"end":{"line":203,"column":9}},{"start":{"line":204,"column":2},"end":{"line":206,"column":9}},{"start":{"line":207,"column":2},"end":{"line":208,"column":20}}]},"4":{"line":164,"type":"if","locations":[{"start":{"line":164,"column":4},"end":{"line":164,"column":4}},{"start":{"line":164,"column":4},"end":{"line":164,"column":4}}]},"5":{"line":165,"type":"if","locations":[{"start":{"line":165,"column":4},"end":{"line":165,"column":4}},{"start":{"line":165,"column":4},"end":{"line":165,"column":4}}]},"6":{"line":166,"type":"if","locations":[{"start":{"line":166,"column":4},"end":{"line":166,"column":4}},{"start":{"line":166,"column":4},"end":{"line":166,"column":4}}]},"7":{"line":178,"type":"if","locations":[{"start":{"line":178,"column":8},"end":{"line":178,"column":8}},{"start":{"line":178,"column":8},"end":{"line":178,"column":8}}]},"8":{"line":212,"type":"if","locations":[{"start":{"line":212,"column":0},"end":{"line":212,"column":0}},{"start":{"line":212,"column":0},"end":{"line":212,"column":0}}]},"9":{"line":212,"type":"binary-expr","locations":[{"start":{"line":212,"column":49},"end":{"line":212,"column":65}},{"start":{"line":212,"column":69},"end":{"line":212,"column":73}}]}},"code":["//#!/usr/bin/env node","","var thumbd = require('../lib')","var _ = require('lodash')","var fs = require('fs')","var yargs = require('yargs')","    .option('k', {","      alias: 'aws_key',","      description: 'AWS key id',","      required: true,","      default: process.env.AWS_KEY","    })","    .option('s', {","      alias: 'aws_secret',","      required: true,","      description: 'AWS key secret',","      default: process.env.AWS_SECRET","    })","    .option('e', {","      alias: 'aws_region',","      description: 'AWS Region',","      default: process.env.AWS_REGION","    })","    .option('image_region', {","      description: 'region of S3 image, if it differes from the default AWS_REGION'","    })","    .option('q', {","      alias: 'sqs_queue',","      required: true,","      description: 'AWS SQS queue',","      default: process.env.SQS_QUEUE","    })","    .option('b', {","      alias: 'bucket',","      required: true,","      description: 'AWS S3 bucket',","      default: process.env.BUCKET","    })","    .option('t', {","      alias: 'tmp_dir',","      description: 'temporary directory for image conversion'","    })","    .option('v', {","      alias: 'convert_command',","      description: 'convert command to use'","    })","    .option('a', {","      alias: 's3_acl',","      description: 'default S3 ACL'","    })","    .option('o', {","      alias: 's3_storage_class',","      description: 'S3 storage class'","    })","    .option('r', {","      alias: 'remote_image',","      description: 'path to image on S3 (used by thumbnail command)'","    })","    .option('d', {","      alias: 'descriptions',","      description: 'path to JSON manifest describing thumbnail conversions (used by thumbnail command)'","    })","    .option('p', {","      alias: 'profile',","      type: 'boolean',","      description: 'start thumbd with profiler running'","    })","    .option('l', {","      alias: 'log_level',","      description: 'set log level (info|warn|error|silent)'","    })","    .option('c', {","      alias: 'custom_logger',","      description: 'path to custom logger'","    })","    .usage('Usage: $0 <command>')","    .command('server', 'start a thumbnailing server')","    .command('thumbnail', 'given S3 path and description, thumbnail an image')","    .command('install', 'install thumbd as OS service wrapper')","    .command('start', 'start the thumbd service')","    .command('stop', 'stop the thumbd service')","    .command('restart', 'restart the thumbd service')","    .command('remove', 'remove the thumbd service')","    .help('h')","    .alias('h', 'help')","var argv = yargs.argv","var mode = argv._.shift()","var config = require('../lib/config').Config","var serverOpts = {","  aws_key: 'awsKey',","  aws_secret: 'awsSecret',","  aws_region: 'awsRegion',","  bucket: 's3Bucket',","  convert_command: 'convertCommand',","  s3_acl: 's3Acl',","  s3_storage_class: 's3StorageClass',","  sqs_queue: 'sqsQueue',","  tmp_dir: 'tmpDir',","  log_level: 'logLevel',","  custom_logger: 'logger',","  profile: 'profile'","}","var thumbnailOpts = {","  aws_key: 'awsKey',","  aws_secret: 'awsSecret',","  aws_region: 'awsRegion',","  descriptions: 'descriptions',","  remote_image: 'remoteImage',","  sqs_queue: 'sqsQueue',","  bucket: 's3Bucket',","  log_level: 'logLevel',","  custom_logger: 'logger'","}","var ndm = require('ndm')('thumbd')","var opts = null","","// make console output nicer for missing arguments.","process.on('uncaughtException', function (err) {","  var logger = require(config.get('logger'))","  logger.error(err.message)","})","","/**"," * Extract the command line parameters"," *"," * @param object keys A mapping of cli option => config key names"," *"," * @return object"," */","function buildOpts (keys) {","  var opts = {}","  var pairs = _.pairs(keys)","  for (var i in pairs) {","    var argvKey = pairs[i][0]","    var envKey = argvKey.toUpperCase()","    var configKey = pairs[i][1]","    opts[configKey] = argv[argvKey] || config.get(configKey)","    if (opts[configKey] === null) {","      throw Error(\"The environment variable '\" + envKey + \"', or command line parameter '--\" + argvKey + \"' must be set.\")","    }","  }","  return opts","}","","switch (mode) {","  case 'server':","","    opts = buildOpts(serverOpts)","    config.extend(opts)","","    var grabber = new thumbd.Grabber()","    var saver = new thumbd.Saver();(new thumbd.Worker({","      saver: saver,","      grabber: grabber","    })).start()","    break","","  case 'thumbnail':","","    opts = buildOpts(thumbnailOpts)","    var extraOpts = {}","","    // allow region/bucket to vary on a job by job basis.","    if (argv.bucket) extraOpts.bucket = argv.bucket","    if (argv.aws_region) extraOpts.region = argv.aws_region","    if (argv.image_region) extraOpts.region = argv.image_region","","    config.extend(opts)","","    var client = new thumbd.Client()","    var logger = require(config.get('logger'))","","    client.thumbnail(","      opts.remoteImage,","      JSON.parse(fs.readFileSync(opts.descriptions).toString()),","      extraOpts,","      function (err, res) {","        if (err) {","          logger.error(err)","        } else {","          logger.info(res)","        }","      }","    )","    break","  case 'install':","    ndm.install()","    break","  case 'remove':","    ndm.remove()","    break","  case 'start':","    ndm.start()","    break","  case 'restart':","    ndm.restart()","    break","  case 'stop':","    ndm.stop()","    break","  case 'list-scripts':","    ndm.listScripts()","    break","  case 'run-script':","    ndm.runScript()","    break","  default:","    yargs.showHelp()","}","","// start a profiling server.","if (config.get('profile')) require('look').start(process.env.PORT || 5959)",""],"l":{"3":1,"4":1,"5":1,"6":1,"86":1,"87":1,"88":1,"89":1,"103":1,"114":1,"115":1,"118":1,"119":0,"120":0,"130":1,"131":0,"132":0,"133":0,"134":0,"135":0,"136":0,"137":0,"138":0,"139":0,"142":0,"145":1,"148":0,"149":0,"151":0,"152":0,"156":0,"160":0,"161":0,"164":0,"165":0,"166":0,"168":0,"170":0,"171":0,"173":0,"178":0,"179":0,"181":0,"185":0,"187":0,"188":0,"190":0,"191":0,"193":0,"194":0,"196":0,"197":0,"199":0,"200":0,"202":0,"203":0,"205":0,"206":0,"208":1,"212":1}},"/home/travis/build/npmtest/node-npmtest-thumbd/node_modules/thumbd/lib/logger.js":{"path":"/home/travis/build/npmtest/node-npmtest-thumbd/node_modules/thumbd/lib/logger.js","s":{"1":1,"2":1,"3":0,"4":0,"5":1,"6":0,"7":0,"8":0,"9":1,"10":0,"11":0},"b":{"1":[0,0],"2":[0,0],"3":[0,0],"4":[0,0]},"f":{"1":0,"2":0,"3":0},"fnMap":{"1":{"name":"(anonymous_1)","line":3,"loc":{"start":{"line":3,"column":15},"end":{"line":3,"column":27}}},"2":{"name":"(anonymous_2)","line":7,"loc":{"start":{"line":7,"column":15},"end":{"line":7,"column":27}}},"3":{"name":"(anonymous_3)","line":13,"loc":{"start":{"line":13,"column":16},"end":{"line":13,"column":28}}}},"statementMap":{"1":{"start":{"line":1,"column":0},"end":{"line":1,"column":39}},"2":{"start":{"line":3,"column":0},"end":{"line":5,"column":1}},"3":{"start":{"line":4,"column":2},"end":{"line":4,"column":76}},"4":{"start":{"line":4,"column":41},"end":{"line":4,"column":76}},"5":{"start":{"line":7,"column":0},"end":{"line":11,"column":1}},"6":{"start":{"line":8,"column":2},"end":{"line":8,"column":39}},"7":{"start":{"line":10,"column":2},"end":{"line":10,"column":85}},"8":{"start":{"line":10,"column":50},"end":{"line":10,"column":85}},"9":{"start":{"line":13,"column":0},"end":{"line":15,"column":1}},"10":{"start":{"line":14,"column":2},"end":{"line":14,"column":78}},"11":{"start":{"line":14,"column":43},"end":{"line":14,"column":78}}},"branchMap":{"1":{"line":4,"type":"if","locations":[{"start":{"line":4,"column":2},"end":{"line":4,"column":2}},{"start":{"line":4,"column":2},"end":{"line":4,"column":2}}]},"2":{"line":10,"type":"if","locations":[{"start":{"line":10,"column":2},"end":{"line":10,"column":2}},{"start":{"line":10,"column":2},"end":{"line":10,"column":2}}]},"3":{"line":10,"type":"binary-expr","locations":[{"start":{"line":10,"column":6},"end":{"line":10,"column":25}},{"start":{"line":10,"column":29},"end":{"line":10,"column":48}}]},"4":{"line":14,"type":"if","locations":[{"start":{"line":14,"column":2},"end":{"line":14,"column":2}},{"start":{"line":14,"column":2},"end":{"line":14,"column":2}}]}},"code":["var config = require('./config').Config","","exports.info = function () {","  if (config.get('logLevel') === 'info') console.info.apply(this, arguments)","}","","exports.warn = function () {","  var logLevel = config.get('logLevel')","","  if (logLevel === 'info' || logLevel === 'warn') console.warn.apply(this, arguments)","}","","exports.error = function () {","  if (config.get('logLevel') !== 'silent') console.warn.apply(this, arguments)","}",""],"l":{"1":1,"3":1,"4":0,"7":1,"8":0,"10":0,"13":1,"14":0}}}